bunzip2: Can't guess original name for /home/amrita/pd1/run_geneticalg/run1/outputs/sequences_6_model_1_multimer_0_results.pbz2 -- using /home/amrita/pd1/run_geneticalg/run1/outputs/sequences_6_model_1_multimer_0_results.pbz2.out
bunzip2: Can't guess original name for /home/amrita/pd1/run_geneticalg/run1/outputs/sequences_11_model_1_multimer_0_results.pbz2 -- using /home/amrita/pd1/run_geneticalg/run1/outputs/sequences_11_model_1_multimer_0_results.pbz2.out
bunzip2: Can't guess original name for /home/amrita/pd1/run_geneticalg/run1/outputs/sequences_10_model_1_multimer_0_results.pbz2 -- using /home/amrita/pd1/run_geneticalg/run1/outputs/sequences_10_model_1_multimer_0_results.pbz2.out
bunzip2: Can't guess original name for /home/amrita/pd1/run_geneticalg/run1/outputs/sequences_3_model_1_multimer_0_results.pbz2 -- using /home/amrita/pd1/run_geneticalg/run1/outputs/sequences_3_model_1_multimer_0_results.pbz2.out
bunzip2: Can't guess original name for /home/amrita/pd1/run_geneticalg/run1/outputs/sequences_12_model_1_multimer_0_results.pbz2 -- using /home/amrita/pd1/run_geneticalg/run1/outputs/sequences_12_model_1_multimer_0_results.pbz2.out
bunzip2: Can't guess original name for /home/amrita/pd1/run_geneticalg/run1/outputs/sequences_1_model_1_multimer_0_results.pbz2 -- using /home/amrita/pd1/run_geneticalg/run1/outputs/sequences_1_model_1_multimer_0_results.pbz2.out
bunzip2: Can't guess original name for /home/amrita/pd1/run_geneticalg/run1/outputs/sequences_9_model_1_multimer_0_results.pbz2 -- using /home/amrita/pd1/run_geneticalg/run1/outputs/sequences_9_model_1_multimer_0_results.pbz2.out
bunzip2: Can't guess original name for /home/amrita/pd1/run_geneticalg/run1/outputs/sequences_16_model_1_multimer_0_results.pbz2 -- using /home/amrita/pd1/run_geneticalg/run1/outputs/sequences_16_model_1_multimer_0_results.pbz2.out
bunzip2: Can't guess original name for /home/amrita/pd1/run_geneticalg/run1/outputs/sequences_15_model_1_multimer_0_results.pbz2 -- using /home/amrita/pd1/run_geneticalg/run1/outputs/sequences_15_model_1_multimer_0_results.pbz2.out
bunzip2: Can't guess original name for /home/amrita/pd1/run_geneticalg/run1/outputs/sequences_4_model_1_multimer_0_results.pbz2 -- using /home/amrita/pd1/run_geneticalg/run1/outputs/sequences_4_model_1_multimer_0_results.pbz2.out
bunzip2: Can't guess original name for /home/amrita/pd1/run_geneticalg/run1/outputs/sequences_13_model_1_multimer_0_results.pbz2 -- using /home/amrita/pd1/run_geneticalg/run1/outputs/sequences_13_model_1_multimer_0_results.pbz2.out
bunzip2: Can't guess original name for /home/amrita/pd1/run_geneticalg/run1/outputs/sequences_19_model_1_multimer_0_results.pbz2 -- using /home/amrita/pd1/run_geneticalg/run1/outputs/sequences_19_model_1_multimer_0_results.pbz2.out
bunzip2: Can't guess original name for /home/amrita/pd1/run_geneticalg/run1/outputs/sequences_18_model_1_multimer_0_results.pbz2 -- using /home/amrita/pd1/run_geneticalg/run1/outputs/sequences_18_model_1_multimer_0_results.pbz2.out
bunzip2: Can't guess original name for /home/amrita/pd1/run_geneticalg/run1/outputs/sequences_2_model_1_multimer_0_results.pbz2 -- using /home/amrita/pd1/run_geneticalg/run1/outputs/sequences_2_model_1_multimer_0_results.pbz2.out
bunzip2: Can't guess original name for /home/amrita/pd1/run_geneticalg/run1/outputs/sequences_17_model_1_multimer_0_results.pbz2 -- using /home/amrita/pd1/run_geneticalg/run1/outputs/sequences_17_model_1_multimer_0_results.pbz2.out
bunzip2: Can't guess original name for /home/amrita/pd1/run_geneticalg/run1/outputs/sequences_7_model_1_multimer_0_results.pbz2 -- using /home/amrita/pd1/run_geneticalg/run1/outputs/sequences_7_model_1_multimer_0_results.pbz2.out
bunzip2: Can't guess original name for /home/amrita/pd1/run_geneticalg/run1/outputs/sequences_14_model_1_multimer_0_results.pbz2 -- using /home/amrita/pd1/run_geneticalg/run1/outputs/sequences_14_model_1_multimer_0_results.pbz2.out
bunzip2: Can't guess original name for /home/amrita/pd1/run_geneticalg/run1/outputs/sequences_8_model_1_multimer_0_results.pbz2 -- using /home/amrita/pd1/run_geneticalg/run1/outputs/sequences_8_model_1_multimer_0_results.pbz2.out
bunzip2: Can't guess original name for /home/amrita/pd1/run_geneticalg/run1/outputs/sequences_0_model_1_multimer_0_results.pbz2 -- using /home/amrita/pd1/run_geneticalg/run1/outputs/sequences_0_model_1_multimer_0_results.pbz2.out
bunzip2: Can't guess original name for /home/amrita/pd1/run_geneticalg/run1/outputs/sequences_5_model_1_multimer_0_results.pbz2 -- using /home/amrita/pd1/run_geneticalg/run1/outputs/sequences_5_model_1_multimer_0_results.pbz2.out
bunzip2: Can't guess original name for /home/amrita/pd1/run_geneticalg/run2/outputs/sequences_6_model_1_multimer_0_results.pbz2 -- using /home/amrita/pd1/run_geneticalg/run2/outputs/sequences_6_model_1_multimer_0_results.pbz2.out
bunzip2: Can't guess original name for /home/amrita/pd1/run_geneticalg/run2/outputs/sequences_3_model_1_multimer_0_results.pbz2 -- using /home/amrita/pd1/run_geneticalg/run2/outputs/sequences_3_model_1_multimer_0_results.pbz2.out
bunzip2: Can't guess original name for /home/amrita/pd1/run_geneticalg/run2/outputs/sequences_1_model_1_multimer_0_results.pbz2 -- using /home/amrita/pd1/run_geneticalg/run2/outputs/sequences_1_model_1_multimer_0_results.pbz2.out
bunzip2: Can't guess original name for /home/amrita/pd1/run_geneticalg/run2/outputs/sequences_9_model_1_multimer_0_results.pbz2 -- using /home/amrita/pd1/run_geneticalg/run2/outputs/sequences_9_model_1_multimer_0_results.pbz2.out
bunzip2: Can't guess original name for /home/amrita/pd1/run_geneticalg/run2/outputs/sequences_4_model_1_multimer_0_results.pbz2 -- using /home/amrita/pd1/run_geneticalg/run2/outputs/sequences_4_model_1_multimer_0_results.pbz2.out
bunzip2: Can't guess original name for /home/amrita/pd1/run_geneticalg/run2/outputs/sequences_2_model_1_multimer_0_results.pbz2 -- using /home/amrita/pd1/run_geneticalg/run2/outputs/sequences_2_model_1_multimer_0_results.pbz2.out
bunzip2: Can't guess original name for /home/amrita/pd1/run_geneticalg/run2/outputs/sequences_7_model_1_multimer_0_results.pbz2 -- using /home/amrita/pd1/run_geneticalg/run2/outputs/sequences_7_model_1_multimer_0_results.pbz2.out
bunzip2: Can't guess original name for /home/amrita/pd1/run_geneticalg/run2/outputs/sequences_8_model_1_multimer_0_results.pbz2 -- using /home/amrita/pd1/run_geneticalg/run2/outputs/sequences_8_model_1_multimer_0_results.pbz2.out
bunzip2: Can't guess original name for /home/amrita/pd1/run_geneticalg/run2/outputs/sequences_0_model_1_multimer_0_results.pbz2 -- using /home/amrita/pd1/run_geneticalg/run2/outputs/sequences_0_model_1_multimer_0_results.pbz2.out
bunzip2: Can't guess original name for /home/amrita/pd1/run_geneticalg/run2/outputs/sequences_5_model_1_multimer_0_results.pbz2 -- using /home/amrita/pd1/run_geneticalg/run2/outputs/sequences_5_model_1_multimer_0_results.pbz2.out
done running af2
done unzipping results files
sequences_14_model_1_multimer_0_results.pbz2.out sequences_14_model_1_multimer_0_unrelaxed.pdb
sequences_17_model_1_multimer_0_results.pbz2.out sequences_17_model_1_multimer_0_unrelaxed.pdb
sequences_3_model_1_multimer_0_results.pbz2.out sequences_3_model_1_multimer_0_unrelaxed.pdb
sequences_2_model_1_multimer_0_results.pbz2.out sequences_2_model_1_multimer_0_unrelaxed.pdb
sequences_10_model_1_multimer_0_results.pbz2.out sequences_10_model_1_multimer_0_unrelaxed.pdb
sequences_5_model_1_multimer_0_results.pbz2.out sequences_5_model_1_multimer_0_unrelaxed.pdb
sequences_0_model_1_multimer_0_results.pbz2.out sequences_0_model_1_multimer_0_unrelaxed.pdb
sequences_16_model_1_multimer_0_results.pbz2.out sequences_16_model_1_multimer_0_unrelaxed.pdb
sequences_6_model_1_multimer_0_results.pbz2.out sequences_6_model_1_multimer_0_unrelaxed.pdb
sequences_18_model_1_multimer_0_results.pbz2.out sequences_18_model_1_multimer_0_unrelaxed.pdb
sequences_11_model_1_multimer_0_results.pbz2.out sequences_11_model_1_multimer_0_unrelaxed.pdb
sequences_12_model_1_multimer_0_results.pbz2.out sequences_12_model_1_multimer_0_unrelaxed.pdb
sequences_13_model_1_multimer_0_results.pbz2.out sequences_13_model_1_multimer_0_unrelaxed.pdb
sequences_8_model_1_multimer_0_results.pbz2.out sequences_8_model_1_multimer_0_unrelaxed.pdb
sequences_15_model_1_multimer_0_results.pbz2.out sequences_15_model_1_multimer_0_unrelaxed.pdb
sequences_1_model_1_multimer_0_results.pbz2.out sequences_1_model_1_multimer_0_unrelaxed.pdb
sequences_4_model_1_multimer_0_results.pbz2.out sequences_4_model_1_multimer_0_unrelaxed.pdb
sequences_7_model_1_multimer_0_results.pbz2.out sequences_7_model_1_multimer_0_unrelaxed.pdb
sequences_9_model_1_multimer_0_results.pbz2.out sequences_9_model_1_multimer_0_unrelaxed.pdb
sequences_19_model_1_multimer_0_results.pbz2.out sequences_19_model_1_multimer_0_unrelaxed.pdb
done scoring sequences
{<Sequence.Sequence object at 0x7feb60911ed0>: (3718.812813282013, -2800, 6518.812813282013), <Sequence.Sequence object at 0x7feb5d73ea10>: (4801.270346164703, -2100, 6901.270346164703), <Sequence.Sequence object at 0x7feb6087e290>: (4112.894830703735, -2000, 6112.894830703735), <Sequence.Sequence object at 0x7feb5d73e750>: (5516.143491744995, -2800, 8316.143491744995), <Sequence.Sequence object at 0x7feb61cb82d0>: (3926.55028963089, -2100, 6026.55028963089), <Sequence.Sequence object at 0x7feb5d746050>: (4674.121519565582, -2400, 7074.121519565582), <Sequence.Sequence object at 0x7feb5d73e7d0>: (4883.785502433777, -1700, 6583.785502433777), <Sequence.Sequence object at 0x7feb5d746290>: (5001.89147901535, -1900, 6901.89147901535), <Sequence.Sequence object at 0x7feb5d73e790>: (5577.651122570038, -1800, 7377.651122570038), <Sequence.Sequence object at 0x7feb5d746250>: (5399.057941913605, -2100, 7499.057941913605), <Sequence.Sequence object at 0x7feb5d73e810>: (2353.0602600574493, -2000, 4353.060260057449), <Sequence.Sequence object at 0x7feb5d7462d0>: (3430.889373779297, -2000, 5430.889373779297), <Sequence.Sequence object at 0x7feb5d742e90>: (3686.956529855728, -1600, 5286.956529855728), <Sequence.Sequence object at 0x7feb5d742f10>: (3459.569172143936, -1600, 5059.569172143936), <Sequence.Sequence object at 0x7feb5d742f50>: (5898.096369743347, -1800, 7698.096369743347), <Sequence.Sequence object at 0x7feb5d742f90>: (5340.373947143555, -2100, 7440.373947143555), <Sequence.Sequence object at 0x7feb5d742fd0>: (4891.3722586631775, -2200, 7091.3722586631775), <Sequence.Sequence object at 0x7feb5d742dd0>: (6808.234709739685, -1300, 8108.234709739685), <Sequence.Sequence object at 0x7feb5d742d50>: (8079.29558467865, -3200, 11279.29558467865), <Sequence.Sequence object at 0x7feb5d742e50>: (3791.8158807754517, -2900, 6691.815880775452)}
[(<Sequence.Sequence object at 0x7feb5d73e810>, (2353.0602600574493, -2000, 4353.060260057449)), (<Sequence.Sequence object at 0x7feb5d7462d0>, (3430.889373779297, -2000, 5430.889373779297)), (<Sequence.Sequence object at 0x7feb5d742f10>, (3459.569172143936, -1600, 5059.569172143936)), (<Sequence.Sequence object at 0x7feb5d742e90>, (3686.956529855728, -1600, 5286.956529855728)), (<Sequence.Sequence object at 0x7feb60911ed0>, (3718.812813282013, -2800, 6518.812813282013)), (<Sequence.Sequence object at 0x7feb5d742e50>, (3791.8158807754517, -2900, 6691.815880775452)), (<Sequence.Sequence object at 0x7feb61cb82d0>, (3926.55028963089, -2100, 6026.55028963089)), (<Sequence.Sequence object at 0x7feb6087e290>, (4112.894830703735, -2000, 6112.894830703735)), (<Sequence.Sequence object at 0x7feb5d746050>, (4674.121519565582, -2400, 7074.121519565582)), (<Sequence.Sequence object at 0x7feb5d73ea10>, (4801.270346164703, -2100, 6901.270346164703)), (<Sequence.Sequence object at 0x7feb5d73e7d0>, (4883.785502433777, -1700, 6583.785502433777)), (<Sequence.Sequence object at 0x7feb5d742fd0>, (4891.3722586631775, -2200, 7091.3722586631775)), (<Sequence.Sequence object at 0x7feb5d746290>, (5001.89147901535, -1900, 6901.89147901535)), (<Sequence.Sequence object at 0x7feb5d742f90>, (5340.373947143555, -2100, 7440.373947143555)), (<Sequence.Sequence object at 0x7feb5d746250>, (5399.057941913605, -2100, 7499.057941913605)), (<Sequence.Sequence object at 0x7feb5d73e750>, (5516.143491744995, -2800, 8316.143491744995)), (<Sequence.Sequence object at 0x7feb5d73e790>, (5577.651122570038, -1800, 7377.651122570038)), (<Sequence.Sequence object at 0x7feb5d742f50>, (5898.096369743347, -1800, 7698.096369743347)), (<Sequence.Sequence object at 0x7feb5d742dd0>, (6808.234709739685, -1300, 8108.234709739685)), (<Sequence.Sequence object at 0x7feb5d742d50>, (8079.29558467865, -3200, 11279.29558467865))]
done running af2
done unzipping results files
sequences_3_model_1_multimer_0_results.pbz2.out sequences_3_model_1_multimer_0_unrelaxed.pdb
sequences_2_model_1_multimer_0_results.pbz2.out sequences_2_model_1_multimer_0_unrelaxed.pdb
sequences_5_model_1_multimer_0_results.pbz2.out sequences_5_model_1_multimer_0_unrelaxed.pdb
sequences_0_model_1_multimer_0_results.pbz2.out sequences_0_model_1_multimer_0_unrelaxed.pdb
sequences_6_model_1_multimer_0_results.pbz2.out sequences_6_model_1_multimer_0_unrelaxed.pdb
sequences_8_model_1_multimer_0_results.pbz2.out sequences_8_model_1_multimer_0_unrelaxed.pdb
sequences_1_model_1_multimer_0_results.pbz2.out sequences_1_model_1_multimer_0_unrelaxed.pdb
sequences_4_model_1_multimer_0_results.pbz2.out sequences_4_model_1_multimer_0_unrelaxed.pdb
sequences_7_model_1_multimer_0_results.pbz2.out sequences_7_model_1_multimer_0_unrelaxed.pdb
sequences_9_model_1_multimer_0_results.pbz2.out sequences_9_model_1_multimer_0_unrelaxed.pdb
done scoring sequences
{<Sequence.Sequence object at 0x7feb5d73e810>: (2353.0602600574493, -2000, 4353.060260057449), <Sequence.Sequence object at 0x7feb5d7462d0>: (3430.889373779297, -2000, 5430.889373779297), <Sequence.Sequence object at 0x7feb5d742f10>: (3459.569172143936, -1600, 5059.569172143936), <Sequence.Sequence object at 0x7feb5d742e90>: (3686.956529855728, -1600, 5286.956529855728), <Sequence.Sequence object at 0x7feb60911ed0>: (3718.812813282013, -2800, 6518.812813282013), <Sequence.Sequence object at 0x7feb5d742e50>: (3791.8158807754517, -2900, 6691.815880775452), <Sequence.Sequence object at 0x7feb61cb82d0>: (3926.55028963089, -2100, 6026.55028963089), <Sequence.Sequence object at 0x7feb6087e290>: (4112.894830703735, -2000, 6112.894830703735), <Sequence.Sequence object at 0x7feb5d746050>: (4674.121519565582, -2400, 7074.121519565582), <Sequence.Sequence object at 0x7feb5d73ea10>: (4801.270346164703, -2100, 6901.270346164703), <Sequence.Sequence object at 0x7feb5cb25d50>: (3999.9611616134644, -3400, 7399.961161613464), <Sequence.Sequence object at 0x7feb5cb25e90>: (6341.015001773834, -2200, 8541.015001773834), <Sequence.Sequence object at 0x7feb5cb25390>: (4640.941459178925, -2500, 7140.941459178925), <Sequence.Sequence object at 0x7feb5cb25510>: (3959.6775846481323, -3000, 6959.677584648132), <Sequence.Sequence object at 0x7feb5cb25350>: (854.8517061471939, -2800, 3654.851706147194), <Sequence.Sequence object at 0x7feb5cb25750>: (5380.412692070007, -3100, 8480.412692070007), <Sequence.Sequence object at 0x7feb5cb25910>: (5143.348178386688, -2200, 7343.348178386688), <Sequence.Sequence object at 0x7feb5cb25c10>: (3723.0350663661957, -2000, 5723.035066366196), <Sequence.Sequence object at 0x7feb5cb256d0>: (5509.5413246154785, -2000, 7509.5413246154785), <Sequence.Sequence object at 0x7feb5cb25290>: (6523.317207813263, -1500, 8023.317207813263)}bunzip2: Can't guess original name for /home/amrita/pd1/run_geneticalg/run3/outputs/sequences_6_model_1_multimer_0_results.pbz2 -- using /home/amrita/pd1/run_geneticalg/run3/outputs/sequences_6_model_1_multimer_0_results.pbz2.out
bunzip2: Can't guess original name for /home/amrita/pd1/run_geneticalg/run3/outputs/sequences_3_model_1_multimer_0_results.pbz2 -- using /home/amrita/pd1/run_geneticalg/run3/outputs/sequences_3_model_1_multimer_0_results.pbz2.out
bunzip2: Can't guess original name for /home/amrita/pd1/run_geneticalg/run3/outputs/sequences_1_model_1_multimer_0_results.pbz2 -- using /home/amrita/pd1/run_geneticalg/run3/outputs/sequences_1_model_1_multimer_0_results.pbz2.out
bunzip2: Can't guess original name for /home/amrita/pd1/run_geneticalg/run3/outputs/sequences_9_model_1_multimer_0_results.pbz2 -- using /home/amrita/pd1/run_geneticalg/run3/outputs/sequences_9_model_1_multimer_0_results.pbz2.out
bunzip2: Can't guess original name for /home/amrita/pd1/run_geneticalg/run3/outputs/sequences_4_model_1_multimer_0_results.pbz2 -- using /home/amrita/pd1/run_geneticalg/run3/outputs/sequences_4_model_1_multimer_0_results.pbz2.out
bunzip2: Can't guess original name for /home/amrita/pd1/run_geneticalg/run3/outputs/sequences_2_model_1_multimer_0_results.pbz2 -- using /home/amrita/pd1/run_geneticalg/run3/outputs/sequences_2_model_1_multimer_0_results.pbz2.out
bunzip2: Can't guess original name for /home/amrita/pd1/run_geneticalg/run3/outputs/sequences_7_model_1_multimer_0_results.pbz2 -- using /home/amrita/pd1/run_geneticalg/run3/outputs/sequences_7_model_1_multimer_0_results.pbz2.out
bunzip2: Can't guess original name for /home/amrita/pd1/run_geneticalg/run3/outputs/sequences_8_model_1_multimer_0_results.pbz2 -- using /home/amrita/pd1/run_geneticalg/run3/outputs/sequences_8_model_1_multimer_0_results.pbz2.out
bunzip2: Can't guess original name for /home/amrita/pd1/run_geneticalg/run3/outputs/sequences_0_model_1_multimer_0_results.pbz2 -- using /home/amrita/pd1/run_geneticalg/run3/outputs/sequences_0_model_1_multimer_0_results.pbz2.out
bunzip2: Can't guess original name for /home/amrita/pd1/run_geneticalg/run3/outputs/sequences_5_model_1_multimer_0_results.pbz2 -- using /home/amrita/pd1/run_geneticalg/run3/outputs/sequences_5_model_1_multimer_0_results.pbz2.out
bunzip2: Can't guess original name for /home/amrita/pd1/run_geneticalg/run4/outputs/sequences_6_model_1_multimer_0_results.pbz2 -- using /home/amrita/pd1/run_geneticalg/run4/outputs/sequences_6_model_1_multimer_0_results.pbz2.out
bunzip2: Can't guess original name for /home/amrita/pd1/run_geneticalg/run4/outputs/sequences_3_model_1_multimer_0_results.pbz2 -- using /home/amrita/pd1/run_geneticalg/run4/outputs/sequences_3_model_1_multimer_0_results.pbz2.out
bunzip2: Can't guess original name for /home/amrita/pd1/run_geneticalg/run4/outputs/sequences_1_model_1_multimer_0_results.pbz2 -- using /home/amrita/pd1/run_geneticalg/run4/outputs/sequences_1_model_1_multimer_0_results.pbz2.out
bunzip2: Can't guess original name for /home/amrita/pd1/run_geneticalg/run4/outputs/sequences_9_model_1_multimer_0_results.pbz2 -- using /home/amrita/pd1/run_geneticalg/run4/outputs/sequences_9_model_1_multimer_0_results.pbz2.out
bunzip2: Can't guess original name for /home/amrita/pd1/run_geneticalg/run4/outputs/sequences_4_model_1_multimer_0_results.pbz2 -- using /home/amrita/pd1/run_geneticalg/run4/outputs/sequences_4_model_1_multimer_0_results.pbz2.out
bunzip2: Can't guess original name for /home/amrita/pd1/run_geneticalg/run4/outputs/sequences_2_model_1_multimer_0_results.pbz2 -- using /home/amrita/pd1/run_geneticalg/run4/outputs/sequences_2_model_1_multimer_0_results.pbz2.out
bunzip2: Can't guess original name for /home/amrita/pd1/run_geneticalg/run4/outputs/sequences_7_model_1_multimer_0_results.pbz2 -- using /home/amrita/pd1/run_geneticalg/run4/outputs/sequences_7_model_1_multimer_0_results.pbz2.out
bunzip2: Can't guess original name for /home/amrita/pd1/run_geneticalg/run4/outputs/sequences_8_model_1_multimer_0_results.pbz2 -- using /home/amrita/pd1/run_geneticalg/run4/outputs/sequences_8_model_1_multimer_0_results.pbz2.out
bunzip2: Can't guess original name for /home/amrita/pd1/run_geneticalg/run4/outputs/sequences_0_model_1_multimer_0_results.pbz2 -- using /home/amrita/pd1/run_geneticalg/run4/outputs/sequences_0_model_1_multimer_0_results.pbz2.out
bunzip2: Can't guess original name for /home/amrita/pd1/run_geneticalg/run4/outputs/sequences_5_model_1_multimer_0_results.pbz2 -- using /home/amrita/pd1/run_geneticalg/run4/outputs/sequences_5_model_1_multimer_0_results.pbz2.out

[(<Sequence.Sequence object at 0x7feb5cb25350>, (854.8517061471939, -2800, 3654.851706147194)), (<Sequence.Sequence object at 0x7feb5d73e810>, (2353.0602600574493, -2000, 4353.060260057449)), (<Sequence.Sequence object at 0x7feb5d7462d0>, (3430.889373779297, -2000, 5430.889373779297)), (<Sequence.Sequence object at 0x7feb5d742f10>, (3459.569172143936, -1600, 5059.569172143936)), (<Sequence.Sequence object at 0x7feb5d742e90>, (3686.956529855728, -1600, 5286.956529855728)), (<Sequence.Sequence object at 0x7feb60911ed0>, (3718.812813282013, -2800, 6518.812813282013)), (<Sequence.Sequence object at 0x7feb5cb25c10>, (3723.0350663661957, -2000, 5723.035066366196)), (<Sequence.Sequence object at 0x7feb5d742e50>, (3791.8158807754517, -2900, 6691.815880775452)), (<Sequence.Sequence object at 0x7feb61cb82d0>, (3926.55028963089, -2100, 6026.55028963089)), (<Sequence.Sequence object at 0x7feb5cb25510>, (3959.6775846481323, -3000, 6959.677584648132)), (<Sequence.Sequence object at 0x7feb5cb25d50>, (3999.9611616134644, -3400, 7399.961161613464)), (<Sequence.Sequence object at 0x7feb6087e290>, (4112.894830703735, -2000, 6112.894830703735)), (<Sequence.Sequence object at 0x7feb5cb25390>, (4640.941459178925, -2500, 7140.941459178925)), (<Sequence.Sequence object at 0x7feb5d746050>, (4674.121519565582, -2400, 7074.121519565582)), (<Sequence.Sequence object at 0x7feb5d73ea10>, (4801.270346164703, -2100, 6901.270346164703)), (<Sequence.Sequence object at 0x7feb5cb25910>, (5143.348178386688, -2200, 7343.348178386688)), (<Sequence.Sequence object at 0x7feb5cb25750>, (5380.412692070007, -3100, 8480.412692070007)), (<Sequence.Sequence object at 0x7feb5cb256d0>, (5509.5413246154785, -2000, 7509.5413246154785)), (<Sequence.Sequence object at 0x7feb5cb25e90>, (6341.015001773834, -2200, 8541.015001773834)), (<Sequence.Sequence object at 0x7feb5cb25290>, (6523.317207813263, -1500, 8023.317207813263))]
done running af2
done unzipping results files
sequences_3_model_1_multimer_0_results.pbz2.out sequences_3_model_1_multimer_0_unrelaxed.pdb
sequences_2_model_1_multimer_0_results.pbz2.out sequences_2_model_1_multimer_0_unrelaxed.pdb
sequences_5_model_1_multimer_0_results.pbz2.out sequences_5_model_1_multimer_0_unrelaxed.pdb
sequences_0_model_1_multimer_0_results.pbz2.out sequences_0_model_1_multimer_0_unrelaxed.pdb
sequences_6_model_1_multimer_0_results.pbz2.out sequences_6_model_1_multimer_0_unrelaxed.pdb
sequences_8_model_1_multimer_0_results.pbz2.out sequences_8_model_1_multimer_0_unrelaxed.pdb
sequences_1_model_1_multimer_0_results.pbz2.out sequences_1_model_1_multimer_0_unrelaxed.pdb
sequences_4_model_1_multimer_0_results.pbz2.out sequences_4_model_1_multimer_0_unrelaxed.pdb
sequences_7_model_1_multimer_0_results.pbz2.out sequences_7_model_1_multimer_0_unrelaxed.pdb
sequences_9_model_1_multimer_0_results.pbz2.out sequences_9_model_1_multimer_0_unrelaxed.pdb
done scoring sequences
{<Sequence.Sequence object at 0x7feb5cb25350>: (854.8517061471939, -2800, 3654.851706147194), <Sequence.Sequence object at 0x7feb5d73e810>: (2353.0602600574493, -2000, 4353.060260057449), <Sequence.Sequence object at 0x7feb5d7462d0>: (3430.889373779297, -2000, 5430.889373779297), <Sequence.Sequence object at 0x7feb5d742f10>: (3459.569172143936, -1600, 5059.569172143936), <Sequence.Sequence object at 0x7feb5d742e90>: (3686.956529855728, -1600, 5286.956529855728), <Sequence.Sequence object at 0x7feb60911ed0>: (3718.812813282013, -2800, 6518.812813282013), <Sequence.Sequence object at 0x7feb5cb25c10>: (3723.0350663661957, -2000, 5723.035066366196), <Sequence.Sequence object at 0x7feb5d742e50>: (3791.8158807754517, -2900, 6691.815880775452), <Sequence.Sequence object at 0x7feb61cb82d0>: (3926.55028963089, -2100, 6026.55028963089), <Sequence.Sequence object at 0x7feb5cb25510>: (3959.6775846481323, -3000, 6959.677584648132), <Sequence.Sequence object at 0x7feb5cd709d0>: (3598.081687927246, -2700, 6298.081687927246), <Sequence.Sequence object at 0x7feb5d537650>: (4072.099537372589, -1800, 5872.099537372589), <Sequence.Sequence object at 0x7feb5d537d10>: (3484.1237552165985, -1500, 4984.1237552165985), <Sequence.Sequence object at 0x7feb5d537dd0>: (4509.318270683289, -1900, 6409.318270683289), <Sequence.Sequence object at 0x7feb5d537a50>: (331.37790858745575, -2700, 3031.3779085874557), <Sequence.Sequence object at 0x7feb5d537a10>: (2662.368237018585, -4400, 7062.368237018585), <Sequence.Sequence object at 0x7feb5d5377d0>: (4336.7650599479675, -1700, 6036.7650599479675), <Sequence.Sequence object at 0x7feb5d537990>: (5302.395450592041, -1600, 6902.395450592041), <Sequence.Sequence object at 0x7feb5d537f90>: (5528.253640174866, -1700, 7228.253640174866), <Sequence.Sequence object at 0x7feb5d537d50>: (3623.7532165050507, -2000, 5623.753216505051)}
[(<Sequence.Sequence object at 0x7feb5d537a50>, (331.37790858745575, -2700, 3031.3779085874557)), (<Sequence.Sequence object at 0x7feb5cb25350>, (854.8517061471939, -2800, 3654.851706147194)), (<Sequence.Sequence object at 0x7feb5d73e810>, (2353.0602600574493, -2000, 4353.060260057449)), (<Sequence.Sequence object at 0x7feb5d537a10>, (2662.368237018585, -4400, 7062.368237018585)), (<Sequence.Sequence object at 0x7feb5d7462d0>, (3430.889373779297, -2000, 5430.889373779297)), (<Sequence.Sequence object at 0x7feb5d742f10>, (3459.569172143936, -1600, 5059.569172143936)), (<Sequence.Sequence object at 0x7feb5d537d10>, (3484.1237552165985, -1500, 4984.1237552165985)), (<Sequence.Sequence object at 0x7feb5cd709d0>, (3598.081687927246, -2700, 6298.081687927246)), (<Sequence.Sequence object at 0x7feb5d537d50>, (3623.7532165050507, -2000, 5623.753216505051)), (<Sequence.Sequence object at 0x7feb5d742e90>, (3686.956529855728, -1600, 5286.956529855728)), (<Sequence.Sequence object at 0x7feb60911ed0>, (3718.812813282013, -2800, 6518.812813282013)), (<Sequence.Sequence object at 0x7feb5cb25c10>, (3723.0350663661957, -2000, 5723.035066366196)), (<Sequence.Sequence object at 0x7feb5d742e50>, (3791.8158807754517, -2900, 6691.815880775452)), (<Sequence.Sequence object at 0x7feb61cb82d0>, (3926.55028963089, -2100, 6026.55028963089)), (<Sequence.Sequence object at 0x7feb5cb25510>, (3959.6775846481323, -3000, 6959.677584648132)), (<Sequence.Sequence object at 0x7feb5d537650>, (4072.099537372589, -1800, 5872.099537372589)), (<Sequence.Sequence object at 0x7feb5d5377d0>, (4336.7650599479675, -1700, 6036.7650599479675)), (<Sequence.Sequence object at 0x7feb5d537dd0>, (4509.318270683289, -1900, 6409.318270683289)), (<Sequence.Sequence object at 0x7feb5d537990>, (5302.395450592041, -1600, 6902.395450592041)), (<Sequence.Sequence object at 0x7feb5d537f90>, (5528.253640174866, -1700, 7228.253640174866))]
done running af2
done unzipping results files
sequences_3_model_1_multimer_0_results.pbz2.out sequences_3_model_1_multimer_0_unrelaxed.pdb
sequences_2_model_1_multimer_0_results.pbz2.out sequences_2_model_1_multimer_0_unrelaxed.pdb
sequences_5_model_1_multimer_0_results.pbz2.out sequences_5_model_1_multimer_0_unrelaxed.pdb
sequences_0_model_1_multimer_0_results.pbz2.out sequences_0_model_1_multimer_0_unrelaxed.pdb
sequences_6_model_1_multimer_0_results.pbz2.out sequences_6_model_1_multimer_0_unrelaxed.pdb
sequences_8_model_1_multimer_0_results.pbz2.out sequences_8_model_1_multimer_0_unrelaxed.pdb
sequences_1_model_1_multimer_0_results.pbz2.out sequences_1_model_1_multimer_0_unrelaxed.pdb
sequences_4_model_1_multimer_0_results.pbz2.out sequences_4_model_1_multimer_0_unrelaxed.pdb
sequences_7_model_1_multimer_0_results.pbz2.out sequences_7_model_1_multimer_0_unrelaxed.pdb
sequences_9_model_1_multimer_0_results.pbz2.out sequences_9_model_1_multimer_0_unrelaxed.pdb
done scoring sequences
{<Sequence.Sequence object at 0x7feb5d537a50>: (331.37790858745575, -2700, 3031.3779085874557), <Sequence.Sequence object at 0x7feb5cb25350>: (854.8517061471939, -2800, 3654.851706147194), <Sequence.Sequence object at 0x7feb5d73e810>: (2353.0602600574493, -2000, 4353.060260057449), <Sequence.Sequence object at 0x7feb5d537a10>: (2662.368237018585, -4400, 7062.368237018585), <Sequence.Sequence object at 0x7feb5d7462d0>: (3430.889373779297, -2000, 5430.889373779297), <Sequence.Sequence object at 0x7feb5d742f10>: (3459.569172143936, -1600, 5059.569172143936), <Sequence.Sequence object at 0x7feb5d537d10>: (3484.1237552165985, -1500, 4984.1237552165985), <Sequence.Sequence object at 0x7feb5cd709d0>: (3598.081687927246, -2700, 6298.081687927246), <Sequence.Sequence object at 0x7feb5d537d50>: (3623.7532165050507, -2000, 5623.753216505051), <Sequence.Sequence object at 0x7feb5d742e90>: (3686.956529855728, -1600, 5286.956529855728), <Sequence.Sequence object at 0x7feb5d55e450>: (3446.5873556137085, -1700, 5146.5873556137085), <Sequence.Sequence object at 0x7feb5d55ec50>: (473.02805149555206, -2700, 3173.028051495552), <Sequence.Sequence object at 0x7feb5d55e590>: (1679.364551782608, -2700, 4379.364551782608), <Sequence.Sequence object at 0x7feb5d55ecd0>: (5077.083218097687, -2000, 7077.083218097687), <Sequence.Sequence object at 0x7feb5d55e410>: (2900.160135984421, -1900, 4800.160135984421), <Sequence.Sequence object at 0x7feb5d55ea50>: (4059.1461420059204, -1800, 5859.14614200592), <Sequence.Sequence object at 0x7feb5d55e350>: (1944.9335367679596, -2200, 4144.93353676796), <Sequence.Sequence object at 0x7feb5d55e090>: (5150.801517963409, -1500, 6650.801517963409), <Sequence.Sequence object at 0x7feb5d55e050>: (3527.93519449234, -2500, 6027.93519449234), <Sequence.Sequence object at 0x7feb5d55e910>: (4661.649793148041, -2200, 6861.649793148041)}bunzip2: Can't guess original name for /home/amrita/pd1/run_geneticalg/run5/outputs/sequences_6_model_1_multimer_0_results.pbz2 -- using /home/amrita/pd1/run_geneticalg/run5/outputs/sequences_6_model_1_multimer_0_results.pbz2.out
bunzip2: Can't guess original name for /home/amrita/pd1/run_geneticalg/run5/outputs/sequences_3_model_1_multimer_0_results.pbz2 -- using /home/amrita/pd1/run_geneticalg/run5/outputs/sequences_3_model_1_multimer_0_results.pbz2.out
bunzip2: Can't guess original name for /home/amrita/pd1/run_geneticalg/run5/outputs/sequences_1_model_1_multimer_0_results.pbz2 -- using /home/amrita/pd1/run_geneticalg/run5/outputs/sequences_1_model_1_multimer_0_results.pbz2.out
bunzip2: Can't guess original name for /home/amrita/pd1/run_geneticalg/run5/outputs/sequences_9_model_1_multimer_0_results.pbz2 -- using /home/amrita/pd1/run_geneticalg/run5/outputs/sequences_9_model_1_multimer_0_results.pbz2.out
bunzip2: Can't guess original name for /home/amrita/pd1/run_geneticalg/run5/outputs/sequences_4_model_1_multimer_0_results.pbz2 -- using /home/amrita/pd1/run_geneticalg/run5/outputs/sequences_4_model_1_multimer_0_results.pbz2.out
bunzip2: Can't guess original name for /home/amrita/pd1/run_geneticalg/run5/outputs/sequences_2_model_1_multimer_0_results.pbz2 -- using /home/amrita/pd1/run_geneticalg/run5/outputs/sequences_2_model_1_multimer_0_results.pbz2.out
bunzip2: Can't guess original name for /home/amrita/pd1/run_geneticalg/run5/outputs/sequences_7_model_1_multimer_0_results.pbz2 -- using /home/amrita/pd1/run_geneticalg/run5/outputs/sequences_7_model_1_multimer_0_results.pbz2.out
bunzip2: Can't guess original name for /home/amrita/pd1/run_geneticalg/run5/outputs/sequences_8_model_1_multimer_0_results.pbz2 -- using /home/amrita/pd1/run_geneticalg/run5/outputs/sequences_8_model_1_multimer_0_results.pbz2.out
bunzip2: Can't guess original name for /home/amrita/pd1/run_geneticalg/run5/outputs/sequences_0_model_1_multimer_0_results.pbz2 -- using /home/amrita/pd1/run_geneticalg/run5/outputs/sequences_0_model_1_multimer_0_results.pbz2.out
bunzip2: Can't guess original name for /home/amrita/pd1/run_geneticalg/run5/outputs/sequences_5_model_1_multimer_0_results.pbz2 -- using /home/amrita/pd1/run_geneticalg/run5/outputs/sequences_5_model_1_multimer_0_results.pbz2.out
bunzip2: Can't guess original name for /home/amrita/pd1/run_geneticalg/run6/outputs/sequences_6_model_1_multimer_0_results.pbz2 -- using /home/amrita/pd1/run_geneticalg/run6/outputs/sequences_6_model_1_multimer_0_results.pbz2.out
bunzip2: Can't guess original name for /home/amrita/pd1/run_geneticalg/run6/outputs/sequences_3_model_1_multimer_0_results.pbz2 -- using /home/amrita/pd1/run_geneticalg/run6/outputs/sequences_3_model_1_multimer_0_results.pbz2.out
bunzip2: Can't guess original name for /home/amrita/pd1/run_geneticalg/run6/outputs/sequences_1_model_1_multimer_0_results.pbz2 -- using /home/amrita/pd1/run_geneticalg/run6/outputs/sequences_1_model_1_multimer_0_results.pbz2.out
bunzip2: Can't guess original name for /home/amrita/pd1/run_geneticalg/run6/outputs/sequences_9_model_1_multimer_0_results.pbz2 -- using /home/amrita/pd1/run_geneticalg/run6/outputs/sequences_9_model_1_multimer_0_results.pbz2.out
bunzip2: Can't guess original name for /home/amrita/pd1/run_geneticalg/run6/outputs/sequences_4_model_1_multimer_0_results.pbz2 -- using /home/amrita/pd1/run_geneticalg/run6/outputs/sequences_4_model_1_multimer_0_results.pbz2.out
bunzip2: Can't guess original name for /home/amrita/pd1/run_geneticalg/run6/outputs/sequences_2_model_1_multimer_0_results.pbz2 -- using /home/amrita/pd1/run_geneticalg/run6/outputs/sequences_2_model_1_multimer_0_results.pbz2.out
bunzip2: Can't guess original name for /home/amrita/pd1/run_geneticalg/run6/outputs/sequences_7_model_1_multimer_0_results.pbz2 -- using /home/amrita/pd1/run_geneticalg/run6/outputs/sequences_7_model_1_multimer_0_results.pbz2.out
bunzip2: Can't guess original name for /home/amrita/pd1/run_geneticalg/run6/outputs/sequences_8_model_1_multimer_0_results.pbz2 -- using /home/amrita/pd1/run_geneticalg/run6/outputs/sequences_8_model_1_multimer_0_results.pbz2.out
bunzip2: Can't guess original name for /home/amrita/pd1/run_geneticalg/run6/outputs/sequences_0_model_1_multimer_0_results.pbz2 -- using /home/amrita/pd1/run_geneticalg/run6/outputs/sequences_0_model_1_multimer_0_results.pbz2.out
bunzip2: Can't guess original name for /home/amrita/pd1/run_geneticalg/run6/outputs/sequences_5_model_1_multimer_0_results.pbz2 -- using /home/amrita/pd1/run_geneticalg/run6/outputs/sequences_5_model_1_multimer_0_results.pbz2.out

[(<Sequence.Sequence object at 0x7feb5d537a50>, (331.37790858745575, -2700, 3031.3779085874557)), (<Sequence.Sequence object at 0x7feb5d55ec50>, (473.02805149555206, -2700, 3173.028051495552)), (<Sequence.Sequence object at 0x7feb5cb25350>, (854.8517061471939, -2800, 3654.851706147194)), (<Sequence.Sequence object at 0x7feb5d55e590>, (1679.364551782608, -2700, 4379.364551782608)), (<Sequence.Sequence object at 0x7feb5d55e350>, (1944.9335367679596, -2200, 4144.93353676796)), (<Sequence.Sequence object at 0x7feb5d73e810>, (2353.0602600574493, -2000, 4353.060260057449)), (<Sequence.Sequence object at 0x7feb5d537a10>, (2662.368237018585, -4400, 7062.368237018585)), (<Sequence.Sequence object at 0x7feb5d55e410>, (2900.160135984421, -1900, 4800.160135984421)), (<Sequence.Sequence object at 0x7feb5d7462d0>, (3430.889373779297, -2000, 5430.889373779297)), (<Sequence.Sequence object at 0x7feb5d55e450>, (3446.5873556137085, -1700, 5146.5873556137085)), (<Sequence.Sequence object at 0x7feb5d742f10>, (3459.569172143936, -1600, 5059.569172143936)), (<Sequence.Sequence object at 0x7feb5d537d10>, (3484.1237552165985, -1500, 4984.1237552165985)), (<Sequence.Sequence object at 0x7feb5d55e050>, (3527.93519449234, -2500, 6027.93519449234)), (<Sequence.Sequence object at 0x7feb5cd709d0>, (3598.081687927246, -2700, 6298.081687927246)), (<Sequence.Sequence object at 0x7feb5d537d50>, (3623.7532165050507, -2000, 5623.753216505051)), (<Sequence.Sequence object at 0x7feb5d742e90>, (3686.956529855728, -1600, 5286.956529855728)), (<Sequence.Sequence object at 0x7feb5d55ea50>, (4059.1461420059204, -1800, 5859.14614200592)), (<Sequence.Sequence object at 0x7feb5d55e910>, (4661.649793148041, -2200, 6861.649793148041)), (<Sequence.Sequence object at 0x7feb5d55ecd0>, (5077.083218097687, -2000, 7077.083218097687)), (<Sequence.Sequence object at 0x7feb5d55e090>, (5150.801517963409, -1500, 6650.801517963409))]
done running af2
done unzipping results files
sequences_3_model_1_multimer_0_results.pbz2.out sequences_3_model_1_multimer_0_unrelaxed.pdb
sequences_2_model_1_multimer_0_results.pbz2.out sequences_2_model_1_multimer_0_unrelaxed.pdb
sequences_5_model_1_multimer_0_results.pbz2.out sequences_5_model_1_multimer_0_unrelaxed.pdb
sequences_0_model_1_multimer_0_results.pbz2.out sequences_0_model_1_multimer_0_unrelaxed.pdb
sequences_6_model_1_multimer_0_results.pbz2.out sequences_6_model_1_multimer_0_unrelaxed.pdb
sequences_8_model_1_multimer_0_results.pbz2.out sequences_8_model_1_multimer_0_unrelaxed.pdb
sequences_1_model_1_multimer_0_results.pbz2.out sequences_1_model_1_multimer_0_unrelaxed.pdb
sequences_4_model_1_multimer_0_results.pbz2.out sequences_4_model_1_multimer_0_unrelaxed.pdb
sequences_7_model_1_multimer_0_results.pbz2.out sequences_7_model_1_multimer_0_unrelaxed.pdb
sequences_9_model_1_multimer_0_results.pbz2.out sequences_9_model_1_multimer_0_unrelaxed.pdb
done scoring sequences
{<Sequence.Sequence object at 0x7feb5d537a50>: (331.37790858745575, -2700, 3031.3779085874557), <Sequence.Sequence object at 0x7feb5d55ec50>: (473.02805149555206, -2700, 3173.028051495552), <Sequence.Sequence object at 0x7feb5cb25350>: (854.8517061471939, -2800, 3654.851706147194), <Sequence.Sequence object at 0x7feb5d55e590>: (1679.364551782608, -2700, 4379.364551782608), <Sequence.Sequence object at 0x7feb5d55e350>: (1944.9335367679596, -2200, 4144.93353676796), <Sequence.Sequence object at 0x7feb5d73e810>: (2353.0602600574493, -2000, 4353.060260057449), <Sequence.Sequence object at 0x7feb5d537a10>: (2662.368237018585, -4400, 7062.368237018585), <Sequence.Sequence object at 0x7feb5d55e410>: (2900.160135984421, -1900, 4800.160135984421), <Sequence.Sequence object at 0x7feb5d7462d0>: (3430.889373779297, -2000, 5430.889373779297), <Sequence.Sequence object at 0x7feb5d55e450>: (3446.5873556137085, -1700, 5146.5873556137085), <Sequence.Sequence object at 0x7feb5d560490>: (2180.9208319187164, -2200, 4380.920831918716), <Sequence.Sequence object at 0x7feb5d560910>: (3041.1705026626587, -1600, 4641.170502662659), <Sequence.Sequence object at 0x7feb5d560e10>: (3010.1558389663696, -1700, 4710.15583896637), <Sequence.Sequence object at 0x7feb5d560890>: (2061.158972978592, -2100, 4161.158972978592), <Sequence.Sequence object at 0x7feb5d5607d0>: (2588.58487033844, -2100, 4688.58487033844), <Sequence.Sequence object at 0x7feb5d560450>: (5032.011071205139, -2000, 7032.011071205139), <Sequence.Sequence object at 0x7feb5d560a50>: (2472.763692140579, -2200, 4672.763692140579), <Sequence.Sequence object at 0x7feb5d560bd0>: (2307.027081012726, -1800, 4107.027081012726), <Sequence.Sequence object at 0x7feb5d5601d0>: (431.7876057624817, -2800, 3231.7876057624817), <Sequence.Sequence object at 0x7feb5d560cd0>: (5446.349715232849, -1300, 6746.349715232849)}
[(<Sequence.Sequence object at 0x7feb5d537a50>, (331.37790858745575, -2700, 3031.3779085874557)), (<Sequence.Sequence object at 0x7feb5d5601d0>, (431.7876057624817, -2800, 3231.7876057624817)), (<Sequence.Sequence object at 0x7feb5d55ec50>, (473.02805149555206, -2700, 3173.028051495552)), (<Sequence.Sequence object at 0x7feb5cb25350>, (854.8517061471939, -2800, 3654.851706147194)), (<Sequence.Sequence object at 0x7feb5d55e590>, (1679.364551782608, -2700, 4379.364551782608)), (<Sequence.Sequence object at 0x7feb5d55e350>, (1944.9335367679596, -2200, 4144.93353676796)), (<Sequence.Sequence object at 0x7feb5d560890>, (2061.158972978592, -2100, 4161.158972978592)), (<Sequence.Sequence object at 0x7feb5d560490>, (2180.9208319187164, -2200, 4380.920831918716)), (<Sequence.Sequence object at 0x7feb5d560bd0>, (2307.027081012726, -1800, 4107.027081012726)), (<Sequence.Sequence object at 0x7feb5d73e810>, (2353.0602600574493, -2000, 4353.060260057449)), (<Sequence.Sequence object at 0x7feb5d560a50>, (2472.763692140579, -2200, 4672.763692140579)), (<Sequence.Sequence object at 0x7feb5d5607d0>, (2588.58487033844, -2100, 4688.58487033844)), (<Sequence.Sequence object at 0x7feb5d537a10>, (2662.368237018585, -4400, 7062.368237018585)), (<Sequence.Sequence object at 0x7feb5d55e410>, (2900.160135984421, -1900, 4800.160135984421)), (<Sequence.Sequence object at 0x7feb5d560e10>, (3010.1558389663696, -1700, 4710.15583896637)), (<Sequence.Sequence object at 0x7feb5d560910>, (3041.1705026626587, -1600, 4641.170502662659)), (<Sequence.Sequence object at 0x7feb5d7462d0>, (3430.889373779297, -2000, 5430.889373779297)), (<Sequence.Sequence object at 0x7feb5d55e450>, (3446.5873556137085, -1700, 5146.5873556137085)), (<Sequence.Sequence object at 0x7feb5d560450>, (5032.011071205139, -2000, 7032.011071205139)), (<Sequence.Sequence object at 0x7feb5d560cd0>, (5446.349715232849, -1300, 6746.349715232849))]
done running af2
done unzipping results files
sequences_3_model_1_multimer_0_results.pbz2.out sequences_3_model_1_multimer_0_unrelaxed.pdb
sequences_2_model_1_multimer_0_results.pbz2.out sequences_2_model_1_multimer_0_unrelaxed.pdb
sequences_5_model_1_multimer_0_results.pbz2.out sequences_5_model_1_multimer_0_unrelaxed.pdb
sequences_0_model_1_multimer_0_results.pbz2.out sequences_0_model_1_multimer_0_unrelaxed.pdb
sequences_6_model_1_multimer_0_results.pbz2.out sequences_6_model_1_multimer_0_unrelaxed.pdb
sequences_8_model_1_multimer_0_results.pbz2.out sequences_8_model_1_multimer_0_unrelaxed.pdb
sequences_1_model_1_multimer_0_results.pbz2.out sequences_1_model_1_multimer_0_unrelaxed.pdb
sequences_4_model_1_multimer_0_results.pbz2.out sequences_4_model_1_multimer_0_unrelaxed.pdb
sequences_7_model_1_multimer_0_results.pbz2.out sequences_7_model_1_multimer_0_unrelaxed.pdb
sequences_9_model_1_multimer_0_results.pbz2.out sequences_9_model_1_multimer_0_unrelaxed.pdb
done scoring sequences
{<Sequence.Sequence object at 0x7feb5d537a50>: (331.37790858745575, -2700, 3031.3779085874557), <Sequence.Sequence object at 0x7feb5d5601d0>: (431.7876057624817, -2800, 3231.7876057624817), <Sequence.Sequence object at 0x7feb5d55ec50>: (473.02805149555206, -2700, 3173.028051495552), <Sequence.Sequence object at 0x7feb5cb25350>: (854.8517061471939, -2800, 3654.851706147194), <Sequence.Sequence object at 0x7feb5d55e590>: (1679.364551782608, -2700, 4379.364551782608), <Sequence.Sequence object at 0x7feb5d55e350>: (1944.9335367679596, -2200, 4144.93353676796), <Sequence.Sequence object at 0x7feb5d560890>: (2061.158972978592, -2100, 4161.158972978592), <Sequence.Sequence object at 0x7feb5d560490>: (2180.9208319187164, -2200, 4380.920831918716), <Sequence.Sequence object at 0x7feb5d560bd0>: (2307.027081012726, -1800, 4107.027081012726), <Sequence.Sequence object at 0x7feb5d73e810>: (2353.0602600574493, -2000, 4353.060260057449), <Sequence.Sequence object at 0x7feb5d4e6710>: (4804.388724803925, -700, 5504.388724803925), <Sequence.Sequence object at 0x7feb5d4e6810>: (2162.0771350860596, -2200, 4362.07713508606), <Sequence.Sequence object at 0x7feb5d4e65d0>: (3010.872898340225, -1900, 4910.872898340225), <Sequence.Sequence object at 0x7feb5d4e6c90>: (2761.9832062721252, -2200, 4961.983206272125), <Sequence.Sequence object at 0x7feb5d4e6fd0>: (5707.435014247894, -1200, 6907.435014247894), <Sequence.Sequence object at 0x7feb5d4e6bd0>: (1366.079931974411, -2400, 3766.079931974411), <Sequence.Sequence object at 0x7feb5d4e68d0>: (460.8246568441391, -2600, 3060.824656844139), <Sequence.Sequence object at 0x7feb5d4e6610>: (648.3685343265533, -2700, 3348.3685343265533), <Sequence.Sequence object at 0x7feb5d4e6e90>: (2977.9091835021973, -2400, 5377.909183502197), <Sequence.Sequence object at 0x7feb5d4e6450>: (4886.816346168518, -1000, 5886.816346168518)}bunzip2: Can't guess original name for /home/amrita/pd1/run_geneticalg/run7/outputs/sequences_6_model_1_multimer_0_results.pbz2 -- using /home/amrita/pd1/run_geneticalg/run7/outputs/sequences_6_model_1_multimer_0_results.pbz2.out
bunzip2: Can't guess original name for /home/amrita/pd1/run_geneticalg/run7/outputs/sequences_3_model_1_multimer_0_results.pbz2 -- using /home/amrita/pd1/run_geneticalg/run7/outputs/sequences_3_model_1_multimer_0_results.pbz2.out
bunzip2: Can't guess original name for /home/amrita/pd1/run_geneticalg/run7/outputs/sequences_1_model_1_multimer_0_results.pbz2 -- using /home/amrita/pd1/run_geneticalg/run7/outputs/sequences_1_model_1_multimer_0_results.pbz2.out
bunzip2: Can't guess original name for /home/amrita/pd1/run_geneticalg/run7/outputs/sequences_9_model_1_multimer_0_results.pbz2 -- using /home/amrita/pd1/run_geneticalg/run7/outputs/sequences_9_model_1_multimer_0_results.pbz2.out
bunzip2: Can't guess original name for /home/amrita/pd1/run_geneticalg/run7/outputs/sequences_4_model_1_multimer_0_results.pbz2 -- using /home/amrita/pd1/run_geneticalg/run7/outputs/sequences_4_model_1_multimer_0_results.pbz2.out
bunzip2: Can't guess original name for /home/amrita/pd1/run_geneticalg/run7/outputs/sequences_2_model_1_multimer_0_results.pbz2 -- using /home/amrita/pd1/run_geneticalg/run7/outputs/sequences_2_model_1_multimer_0_results.pbz2.out
bunzip2: Can't guess original name for /home/amrita/pd1/run_geneticalg/run7/outputs/sequences_7_model_1_multimer_0_results.pbz2 -- using /home/amrita/pd1/run_geneticalg/run7/outputs/sequences_7_model_1_multimer_0_results.pbz2.out
bunzip2: Can't guess original name for /home/amrita/pd1/run_geneticalg/run7/outputs/sequences_8_model_1_multimer_0_results.pbz2 -- using /home/amrita/pd1/run_geneticalg/run7/outputs/sequences_8_model_1_multimer_0_results.pbz2.out
bunzip2: Can't guess original name for /home/amrita/pd1/run_geneticalg/run7/outputs/sequences_0_model_1_multimer_0_results.pbz2 -- using /home/amrita/pd1/run_geneticalg/run7/outputs/sequences_0_model_1_multimer_0_results.pbz2.out
bunzip2: Can't guess original name for /home/amrita/pd1/run_geneticalg/run7/outputs/sequences_5_model_1_multimer_0_results.pbz2 -- using /home/amrita/pd1/run_geneticalg/run7/outputs/sequences_5_model_1_multimer_0_results.pbz2.out
bunzip2: Can't guess original name for /home/amrita/pd1/run_geneticalg/run8/outputs/sequences_6_model_1_multimer_0_results.pbz2 -- using /home/amrita/pd1/run_geneticalg/run8/outputs/sequences_6_model_1_multimer_0_results.pbz2.out
bunzip2: Can't guess original name for /home/amrita/pd1/run_geneticalg/run8/outputs/sequences_3_model_1_multimer_0_results.pbz2 -- using /home/amrita/pd1/run_geneticalg/run8/outputs/sequences_3_model_1_multimer_0_results.pbz2.out
bunzip2: Can't guess original name for /home/amrita/pd1/run_geneticalg/run8/outputs/sequences_1_model_1_multimer_0_results.pbz2 -- using /home/amrita/pd1/run_geneticalg/run8/outputs/sequences_1_model_1_multimer_0_results.pbz2.out
bunzip2: Can't guess original name for /home/amrita/pd1/run_geneticalg/run8/outputs/sequences_9_model_1_multimer_0_results.pbz2 -- using /home/amrita/pd1/run_geneticalg/run8/outputs/sequences_9_model_1_multimer_0_results.pbz2.out
bunzip2: Can't guess original name for /home/amrita/pd1/run_geneticalg/run8/outputs/sequences_4_model_1_multimer_0_results.pbz2 -- using /home/amrita/pd1/run_geneticalg/run8/outputs/sequences_4_model_1_multimer_0_results.pbz2.out
bunzip2: Can't guess original name for /home/amrita/pd1/run_geneticalg/run8/outputs/sequences_2_model_1_multimer_0_results.pbz2 -- using /home/amrita/pd1/run_geneticalg/run8/outputs/sequences_2_model_1_multimer_0_results.pbz2.out
bunzip2: Can't guess original name for /home/amrita/pd1/run_geneticalg/run8/outputs/sequences_7_model_1_multimer_0_results.pbz2 -- using /home/amrita/pd1/run_geneticalg/run8/outputs/sequences_7_model_1_multimer_0_results.pbz2.out
bunzip2: Can't guess original name for /home/amrita/pd1/run_geneticalg/run8/outputs/sequences_8_model_1_multimer_0_results.pbz2 -- using /home/amrita/pd1/run_geneticalg/run8/outputs/sequences_8_model_1_multimer_0_results.pbz2.out
bunzip2: Can't guess original name for /home/amrita/pd1/run_geneticalg/run8/outputs/sequences_0_model_1_multimer_0_results.pbz2 -- using /home/amrita/pd1/run_geneticalg/run8/outputs/sequences_0_model_1_multimer_0_results.pbz2.out
bunzip2: Can't guess original name for /home/amrita/pd1/run_geneticalg/run8/outputs/sequences_5_model_1_multimer_0_results.pbz2 -- using /home/amrita/pd1/run_geneticalg/run8/outputs/sequences_5_model_1_multimer_0_results.pbz2.out

[(<Sequence.Sequence object at 0x7feb5d537a50>, (331.37790858745575, -2700, 3031.3779085874557)), (<Sequence.Sequence object at 0x7feb5d5601d0>, (431.7876057624817, -2800, 3231.7876057624817)), (<Sequence.Sequence object at 0x7feb5d4e68d0>, (460.8246568441391, -2600, 3060.824656844139)), (<Sequence.Sequence object at 0x7feb5d55ec50>, (473.02805149555206, -2700, 3173.028051495552)), (<Sequence.Sequence object at 0x7feb5d4e6610>, (648.3685343265533, -2700, 3348.3685343265533)), (<Sequence.Sequence object at 0x7feb5cb25350>, (854.8517061471939, -2800, 3654.851706147194)), (<Sequence.Sequence object at 0x7feb5d4e6bd0>, (1366.079931974411, -2400, 3766.079931974411)), (<Sequence.Sequence object at 0x7feb5d55e590>, (1679.364551782608, -2700, 4379.364551782608)), (<Sequence.Sequence object at 0x7feb5d55e350>, (1944.9335367679596, -2200, 4144.93353676796)), (<Sequence.Sequence object at 0x7feb5d560890>, (2061.158972978592, -2100, 4161.158972978592)), (<Sequence.Sequence object at 0x7feb5d4e6810>, (2162.0771350860596, -2200, 4362.07713508606)), (<Sequence.Sequence object at 0x7feb5d560490>, (2180.9208319187164, -2200, 4380.920831918716)), (<Sequence.Sequence object at 0x7feb5d560bd0>, (2307.027081012726, -1800, 4107.027081012726)), (<Sequence.Sequence object at 0x7feb5d73e810>, (2353.0602600574493, -2000, 4353.060260057449)), (<Sequence.Sequence object at 0x7feb5d4e6c90>, (2761.9832062721252, -2200, 4961.983206272125)), (<Sequence.Sequence object at 0x7feb5d4e6e90>, (2977.9091835021973, -2400, 5377.909183502197)), (<Sequence.Sequence object at 0x7feb5d4e65d0>, (3010.872898340225, -1900, 4910.872898340225)), (<Sequence.Sequence object at 0x7feb5d4e6710>, (4804.388724803925, -700, 5504.388724803925)), (<Sequence.Sequence object at 0x7feb5d4e6450>, (4886.816346168518, -1000, 5886.816346168518)), (<Sequence.Sequence object at 0x7feb5d4e6fd0>, (5707.435014247894, -1200, 6907.435014247894))]
done running af2
done unzipping results files
sequences_3_model_1_multimer_0_results.pbz2.out sequences_3_model_1_multimer_0_unrelaxed.pdb
sequences_2_model_1_multimer_0_results.pbz2.out sequences_2_model_1_multimer_0_unrelaxed.pdb
sequences_5_model_1_multimer_0_results.pbz2.out sequences_5_model_1_multimer_0_unrelaxed.pdb
sequences_0_model_1_multimer_0_results.pbz2.out sequences_0_model_1_multimer_0_unrelaxed.pdb
sequences_6_model_1_multimer_0_results.pbz2.out sequences_6_model_1_multimer_0_unrelaxed.pdb
sequences_8_model_1_multimer_0_results.pbz2.out sequences_8_model_1_multimer_0_unrelaxed.pdb
sequences_1_model_1_multimer_0_results.pbz2.out sequences_1_model_1_multimer_0_unrelaxed.pdb
sequences_4_model_1_multimer_0_results.pbz2.out sequences_4_model_1_multimer_0_unrelaxed.pdb
sequences_7_model_1_multimer_0_results.pbz2.out sequences_7_model_1_multimer_0_unrelaxed.pdb
sequences_9_model_1_multimer_0_results.pbz2.out sequences_9_model_1_multimer_0_unrelaxed.pdb
done scoring sequences
{<Sequence.Sequence object at 0x7feb5d537a50>: (331.37790858745575, -2700, 3031.3779085874557), <Sequence.Sequence object at 0x7feb5d5601d0>: (431.7876057624817, -2800, 3231.7876057624817), <Sequence.Sequence object at 0x7feb5d4e68d0>: (460.8246568441391, -2600, 3060.824656844139), <Sequence.Sequence object at 0x7feb5d55ec50>: (473.02805149555206, -2700, 3173.028051495552), <Sequence.Sequence object at 0x7feb5d4e6610>: (648.3685343265533, -2700, 3348.3685343265533), <Sequence.Sequence object at 0x7feb5cb25350>: (854.8517061471939, -2800, 3654.851706147194), <Sequence.Sequence object at 0x7feb5d4e6bd0>: (1366.079931974411, -2400, 3766.079931974411), <Sequence.Sequence object at 0x7feb5d55e590>: (1679.364551782608, -2700, 4379.364551782608), <Sequence.Sequence object at 0x7feb5d55e350>: (1944.9335367679596, -2200, 4144.93353676796), <Sequence.Sequence object at 0x7feb5d560890>: (2061.158972978592, -2100, 4161.158972978592), <Sequence.Sequence object at 0x7feb5cd77e10>: (2478.637783050537, -2100, 4578.637783050537), <Sequence.Sequence object at 0x7feb5d52f1d0>: (5227.3662757873535, -1600, 6827.3662757873535), <Sequence.Sequence object at 0x7feb5d52f550>: (1148.2396363019943, -2600, 3748.2396363019943), <Sequence.Sequence object at 0x7feb5d52f110>: (4755.598384857178, -2100, 6855.598384857178), <Sequence.Sequence object at 0x7feb5d52fcd0>: (4661.551487445831, -2200, 6861.551487445831), <Sequence.Sequence object at 0x7feb5d52f850>: (974.7530274391174, -2700, 3674.7530274391174), <Sequence.Sequence object at 0x7feb5d52f990>: (631.6605560779572, -2900, 3531.660556077957), <Sequence.Sequence object at 0x7feb5d52fe10>: (3156.5929362773895, -2100, 5256.5929362773895), <Sequence.Sequence object at 0x7feb5d52f750>: (1055.7969808578491, -2600, 3655.796980857849), <Sequence.Sequence object at 0x7feb5d52f490>: (4523.931748151779, -1500, 6023.931748151779)}
[(<Sequence.Sequence object at 0x7feb5d537a50>, (331.37790858745575, -2700, 3031.3779085874557)), (<Sequence.Sequence object at 0x7feb5d5601d0>, (431.7876057624817, -2800, 3231.7876057624817)), (<Sequence.Sequence object at 0x7feb5d4e68d0>, (460.8246568441391, -2600, 3060.824656844139)), (<Sequence.Sequence object at 0x7feb5d55ec50>, (473.02805149555206, -2700, 3173.028051495552)), (<Sequence.Sequence object at 0x7feb5d52f990>, (631.6605560779572, -2900, 3531.660556077957)), (<Sequence.Sequence object at 0x7feb5d4e6610>, (648.3685343265533, -2700, 3348.3685343265533)), (<Sequence.Sequence object at 0x7feb5cb25350>, (854.8517061471939, -2800, 3654.851706147194)), (<Sequence.Sequence object at 0x7feb5d52f850>, (974.7530274391174, -2700, 3674.7530274391174)), (<Sequence.Sequence object at 0x7feb5d52f750>, (1055.7969808578491, -2600, 3655.796980857849)), (<Sequence.Sequence object at 0x7feb5d52f550>, (1148.2396363019943, -2600, 3748.2396363019943)), (<Sequence.Sequence object at 0x7feb5d4e6bd0>, (1366.079931974411, -2400, 3766.079931974411)), (<Sequence.Sequence object at 0x7feb5d55e590>, (1679.364551782608, -2700, 4379.364551782608)), (<Sequence.Sequence object at 0x7feb5d55e350>, (1944.9335367679596, -2200, 4144.93353676796)), (<Sequence.Sequence object at 0x7feb5d560890>, (2061.158972978592, -2100, 4161.158972978592)), (<Sequence.Sequence object at 0x7feb5cd77e10>, (2478.637783050537, -2100, 4578.637783050537)), (<Sequence.Sequence object at 0x7feb5d52fe10>, (3156.5929362773895, -2100, 5256.5929362773895)), (<Sequence.Sequence object at 0x7feb5d52f490>, (4523.931748151779, -1500, 6023.931748151779)), (<Sequence.Sequence object at 0x7feb5d52fcd0>, (4661.551487445831, -2200, 6861.551487445831)), (<Sequence.Sequence object at 0x7feb5d52f110>, (4755.598384857178, -2100, 6855.598384857178)), (<Sequence.Sequence object at 0x7feb5d52f1d0>, (5227.3662757873535, -1600, 6827.3662757873535))]
done running af2
done unzipping results files
sequences_3_model_1_multimer_0_results.pbz2.out sequences_3_model_1_multimer_0_unrelaxed.pdb
sequences_2_model_1_multimer_0_results.pbz2.out sequences_2_model_1_multimer_0_unrelaxed.pdb
sequences_5_model_1_multimer_0_results.pbz2.out sequences_5_model_1_multimer_0_unrelaxed.pdb
sequences_0_model_1_multimer_0_results.pbz2.out sequences_0_model_1_multimer_0_unrelaxed.pdb
sequences_6_model_1_multimer_0_results.pbz2.out sequences_6_model_1_multimer_0_unrelaxed.pdb
sequences_8_model_1_multimer_0_results.pbz2.out sequences_8_model_1_multimer_0_unrelaxed.pdb
sequences_1_model_1_multimer_0_results.pbz2.out sequences_1_model_1_multimer_0_unrelaxed.pdb
sequences_4_model_1_multimer_0_results.pbz2.out sequences_4_model_1_multimer_0_unrelaxed.pdb
sequences_7_model_1_multimer_0_results.pbz2.out sequences_7_model_1_multimer_0_unrelaxed.pdb
sequences_9_model_1_multimer_0_results.pbz2.out sequences_9_model_1_multimer_0_unrelaxed.pdb
done scoring sequences
{<Sequence.Sequence object at 0x7feb5d537a50>: (331.37790858745575, -2700, 3031.3779085874557), <Sequence.Sequence object at 0x7feb5d5601d0>: (431.7876057624817, -2800, 3231.7876057624817), <Sequence.Sequence object at 0x7feb5d4e68d0>: (460.8246568441391, -2600, 3060.824656844139), <Sequence.Sequence object at 0x7feb5d55ec50>: (473.02805149555206, -2700, 3173.028051495552), <Sequence.Sequence object at 0x7feb5d52f990>: (631.6605560779572, -2900, 3531.660556077957), <Sequence.Sequence object at 0x7feb5d4e6610>: (648.3685343265533, -2700, 3348.3685343265533), <Sequence.Sequence object at 0x7feb5cb25350>: (854.8517061471939, -2800, 3654.851706147194), <Sequence.Sequence object at 0x7feb5d52f850>: (974.7530274391174, -2700, 3674.7530274391174), <Sequence.Sequence object at 0x7feb5d52f750>: (1055.7969808578491, -2600, 3655.796980857849), <Sequence.Sequence object at 0x7feb5d52f550>: (1148.2396363019943, -2600, 3748.2396363019943), <Sequence.Sequence object at 0x7feb5d4e7790>: (4837.329082489014, -2000, 6837.329082489014), <Sequence.Sequence object at 0x7feb5d4e7210>: (1331.6061091423035, -2300, 3631.6061091423035), <Sequence.Sequence object at 0x7feb5d4e7d50>: (4414.451154232025, -1800, 6214.451154232025), <Sequence.Sequence object at 0x7feb5d4e7f10>: (4337.5580496788025, -1600, 5937.5580496788025), <Sequence.Sequence object at 0x7feb5d4e7590>: (2680.8895049095154, -2200, 4880.889504909515), <Sequence.Sequence object at 0x7feb5d4e7890>: (413.80600476264954, -2600, 3013.8060047626495), <Sequence.Sequence object at 0x7feb5d4e7990>: (4406.418919086456, -1400, 5806.418919086456), <Sequence.Sequence object at 0x7feb5d4e7090>: (-386.03681218624115, -3400, 3013.963187813759), <Sequence.Sequence object at 0x7feb5d4e7190>: (204.69453310966492, -2900, 3104.694533109665), <Sequence.Sequence object at 0x7feb5d4e7410>: (4137.0081968307495, -2200, 6337.0081968307495)}bunzip2: Can't guess original name for /home/amrita/pd1/run_geneticalg/run9/outputs/sequences_6_model_1_multimer_0_results.pbz2 -- using /home/amrita/pd1/run_geneticalg/run9/outputs/sequences_6_model_1_multimer_0_results.pbz2.out
bunzip2: Can't guess original name for /home/amrita/pd1/run_geneticalg/run9/outputs/sequences_3_model_1_multimer_0_results.pbz2 -- using /home/amrita/pd1/run_geneticalg/run9/outputs/sequences_3_model_1_multimer_0_results.pbz2.out
bunzip2: Can't guess original name for /home/amrita/pd1/run_geneticalg/run9/outputs/sequences_1_model_1_multimer_0_results.pbz2 -- using /home/amrita/pd1/run_geneticalg/run9/outputs/sequences_1_model_1_multimer_0_results.pbz2.out
bunzip2: Can't guess original name for /home/amrita/pd1/run_geneticalg/run9/outputs/sequences_9_model_1_multimer_0_results.pbz2 -- using /home/amrita/pd1/run_geneticalg/run9/outputs/sequences_9_model_1_multimer_0_results.pbz2.out
bunzip2: Can't guess original name for /home/amrita/pd1/run_geneticalg/run9/outputs/sequences_4_model_1_multimer_0_results.pbz2 -- using /home/amrita/pd1/run_geneticalg/run9/outputs/sequences_4_model_1_multimer_0_results.pbz2.out
bunzip2: Can't guess original name for /home/amrita/pd1/run_geneticalg/run9/outputs/sequences_2_model_1_multimer_0_results.pbz2 -- using /home/amrita/pd1/run_geneticalg/run9/outputs/sequences_2_model_1_multimer_0_results.pbz2.out
bunzip2: Can't guess original name for /home/amrita/pd1/run_geneticalg/run9/outputs/sequences_7_model_1_multimer_0_results.pbz2 -- using /home/amrita/pd1/run_geneticalg/run9/outputs/sequences_7_model_1_multimer_0_results.pbz2.out
bunzip2: Can't guess original name for /home/amrita/pd1/run_geneticalg/run9/outputs/sequences_8_model_1_multimer_0_results.pbz2 -- using /home/amrita/pd1/run_geneticalg/run9/outputs/sequences_8_model_1_multimer_0_results.pbz2.out
bunzip2: Can't guess original name for /home/amrita/pd1/run_geneticalg/run9/outputs/sequences_0_model_1_multimer_0_results.pbz2 -- using /home/amrita/pd1/run_geneticalg/run9/outputs/sequences_0_model_1_multimer_0_results.pbz2.out
bunzip2: Can't guess original name for /home/amrita/pd1/run_geneticalg/run9/outputs/sequences_5_model_1_multimer_0_results.pbz2 -- using /home/amrita/pd1/run_geneticalg/run9/outputs/sequences_5_model_1_multimer_0_results.pbz2.out
bunzip2: Can't guess original name for /home/amrita/pd1/run_geneticalg/run10/outputs/sequences_6_model_1_multimer_0_results.pbz2 -- using /home/amrita/pd1/run_geneticalg/run10/outputs/sequences_6_model_1_multimer_0_results.pbz2.out
bunzip2: Can't guess original name for /home/amrita/pd1/run_geneticalg/run10/outputs/sequences_3_model_1_multimer_0_results.pbz2 -- using /home/amrita/pd1/run_geneticalg/run10/outputs/sequences_3_model_1_multimer_0_results.pbz2.out
bunzip2: Can't guess original name for /home/amrita/pd1/run_geneticalg/run10/outputs/sequences_1_model_1_multimer_0_results.pbz2 -- using /home/amrita/pd1/run_geneticalg/run10/outputs/sequences_1_model_1_multimer_0_results.pbz2.out
bunzip2: Can't guess original name for /home/amrita/pd1/run_geneticalg/run10/outputs/sequences_9_model_1_multimer_0_results.pbz2 -- using /home/amrita/pd1/run_geneticalg/run10/outputs/sequences_9_model_1_multimer_0_results.pbz2.out
bunzip2: Can't guess original name for /home/amrita/pd1/run_geneticalg/run10/outputs/sequences_4_model_1_multimer_0_results.pbz2 -- using /home/amrita/pd1/run_geneticalg/run10/outputs/sequences_4_model_1_multimer_0_results.pbz2.out
bunzip2: Can't guess original name for /home/amrita/pd1/run_geneticalg/run10/outputs/sequences_2_model_1_multimer_0_results.pbz2 -- using /home/amrita/pd1/run_geneticalg/run10/outputs/sequences_2_model_1_multimer_0_results.pbz2.out
bunzip2: Can't guess original name for /home/amrita/pd1/run_geneticalg/run10/outputs/sequences_7_model_1_multimer_0_results.pbz2 -- using /home/amrita/pd1/run_geneticalg/run10/outputs/sequences_7_model_1_multimer_0_results.pbz2.out
bunzip2: Can't guess original name for /home/amrita/pd1/run_geneticalg/run10/outputs/sequences_8_model_1_multimer_0_results.pbz2 -- using /home/amrita/pd1/run_geneticalg/run10/outputs/sequences_8_model_1_multimer_0_results.pbz2.out
bunzip2: Can't guess original name for /home/amrita/pd1/run_geneticalg/run10/outputs/sequences_0_model_1_multimer_0_results.pbz2 -- using /home/amrita/pd1/run_geneticalg/run10/outputs/sequences_0_model_1_multimer_0_results.pbz2.out
bunzip2: Can't guess original name for /home/amrita/pd1/run_geneticalg/run10/outputs/sequences_5_model_1_multimer_0_results.pbz2 -- using /home/amrita/pd1/run_geneticalg/run10/outputs/sequences_5_model_1_multimer_0_results.pbz2.out

[(<Sequence.Sequence object at 0x7feb5d4e7090>, (-386.03681218624115, -3400, 3013.963187813759)), (<Sequence.Sequence object at 0x7feb5d4e7190>, (204.69453310966492, -2900, 3104.694533109665)), (<Sequence.Sequence object at 0x7feb5d537a50>, (331.37790858745575, -2700, 3031.3779085874557)), (<Sequence.Sequence object at 0x7feb5d4e7890>, (413.80600476264954, -2600, 3013.8060047626495)), (<Sequence.Sequence object at 0x7feb5d5601d0>, (431.7876057624817, -2800, 3231.7876057624817)), (<Sequence.Sequence object at 0x7feb5d4e68d0>, (460.8246568441391, -2600, 3060.824656844139)), (<Sequence.Sequence object at 0x7feb5d55ec50>, (473.02805149555206, -2700, 3173.028051495552)), (<Sequence.Sequence object at 0x7feb5d52f990>, (631.6605560779572, -2900, 3531.660556077957)), (<Sequence.Sequence object at 0x7feb5d4e6610>, (648.3685343265533, -2700, 3348.3685343265533)), (<Sequence.Sequence object at 0x7feb5cb25350>, (854.8517061471939, -2800, 3654.851706147194)), (<Sequence.Sequence object at 0x7feb5d52f850>, (974.7530274391174, -2700, 3674.7530274391174)), (<Sequence.Sequence object at 0x7feb5d52f750>, (1055.7969808578491, -2600, 3655.796980857849)), (<Sequence.Sequence object at 0x7feb5d52f550>, (1148.2396363019943, -2600, 3748.2396363019943)), (<Sequence.Sequence object at 0x7feb5d4e7210>, (1331.6061091423035, -2300, 3631.6061091423035)), (<Sequence.Sequence object at 0x7feb5d4e7590>, (2680.8895049095154, -2200, 4880.889504909515)), (<Sequence.Sequence object at 0x7feb5d4e7410>, (4137.0081968307495, -2200, 6337.0081968307495)), (<Sequence.Sequence object at 0x7feb5d4e7f10>, (4337.5580496788025, -1600, 5937.5580496788025)), (<Sequence.Sequence object at 0x7feb5d4e7990>, (4406.418919086456, -1400, 5806.418919086456)), (<Sequence.Sequence object at 0x7feb5d4e7d50>, (4414.451154232025, -1800, 6214.451154232025)), (<Sequence.Sequence object at 0x7feb5d4e7790>, (4837.329082489014, -2000, 6837.329082489014))]
done running af2
done unzipping results files
sequences_3_model_1_multimer_0_results.pbz2.out sequences_3_model_1_multimer_0_unrelaxed.pdb
sequences_2_model_1_multimer_0_results.pbz2.out sequences_2_model_1_multimer_0_unrelaxed.pdb
sequences_5_model_1_multimer_0_results.pbz2.out sequences_5_model_1_multimer_0_unrelaxed.pdb
sequences_0_model_1_multimer_0_results.pbz2.out sequences_0_model_1_multimer_0_unrelaxed.pdb
sequences_6_model_1_multimer_0_results.pbz2.out sequences_6_model_1_multimer_0_unrelaxed.pdb
sequences_8_model_1_multimer_0_results.pbz2.out sequences_8_model_1_multimer_0_unrelaxed.pdb
sequences_1_model_1_multimer_0_results.pbz2.out sequences_1_model_1_multimer_0_unrelaxed.pdb
sequences_4_model_1_multimer_0_results.pbz2.out sequences_4_model_1_multimer_0_unrelaxed.pdb
sequences_7_model_1_multimer_0_results.pbz2.out sequences_7_model_1_multimer_0_unrelaxed.pdb
sequences_9_model_1_multimer_0_results.pbz2.out sequences_9_model_1_multimer_0_unrelaxed.pdb
done scoring sequences
{<Sequence.Sequence object at 0x7feb5d4e7090>: (-386.03681218624115, -3400, 3013.963187813759), <Sequence.Sequence object at 0x7feb5d4e7190>: (204.69453310966492, -2900, 3104.694533109665), <Sequence.Sequence object at 0x7feb5d537a50>: (331.37790858745575, -2700, 3031.3779085874557), <Sequence.Sequence object at 0x7feb5d4e7890>: (413.80600476264954, -2600, 3013.8060047626495), <Sequence.Sequence object at 0x7feb5d5601d0>: (431.7876057624817, -2800, 3231.7876057624817), <Sequence.Sequence object at 0x7feb5d4e68d0>: (460.8246568441391, -2600, 3060.824656844139), <Sequence.Sequence object at 0x7feb5d55ec50>: (473.02805149555206, -2700, 3173.028051495552), <Sequence.Sequence object at 0x7feb5d52f990>: (631.6605560779572, -2900, 3531.660556077957), <Sequence.Sequence object at 0x7feb5d4e6610>: (648.3685343265533, -2700, 3348.3685343265533), <Sequence.Sequence object at 0x7feb5cb25350>: (854.8517061471939, -2800, 3654.851706147194), <Sequence.Sequence object at 0x7feb5d4f4850>: (4205.818417549133, -2100, 6305.818417549133), <Sequence.Sequence object at 0x7feb5d4f4e50>: (3164.935680627823, -2100, 5264.935680627823), <Sequence.Sequence object at 0x7feb5d4f4a10>: (3233.174121618271, -1700, 4933.174121618271), <Sequence.Sequence object at 0x7feb5d4f4cd0>: (2897.3844797611237, -1600, 4497.384479761124), <Sequence.Sequence object at 0x7feb5d4f41d0>: (1646.4885766506195, -2300, 3946.4885766506195), <Sequence.Sequence object at 0x7feb5d4f4f50>: (312.0371296405792, -2900, 3212.037129640579), <Sequence.Sequence object at 0x7feb5d4f4890>: (3557.976043701172, -2200, 5757.976043701172), <Sequence.Sequence object at 0x7feb5d4f4950>: (3433.4207043647766, -1800, 5233.420704364777), <Sequence.Sequence object at 0x7feb5d4f4c10>: (4215.037169933319, -1400, 5615.037169933319), <Sequence.Sequence object at 0x7feb5d4f4f10>: (3886.0035042762756, -1800, 5686.003504276276)}
[(<Sequence.Sequence object at 0x7feb5d4e7090>, (-386.03681218624115, -3400, 3013.963187813759)), (<Sequence.Sequence object at 0x7feb5d4e7190>, (204.69453310966492, -2900, 3104.694533109665)), (<Sequence.Sequence object at 0x7feb5d4f4f50>, (312.0371296405792, -2900, 3212.037129640579)), (<Sequence.Sequence object at 0x7feb5d537a50>, (331.37790858745575, -2700, 3031.3779085874557)), (<Sequence.Sequence object at 0x7feb5d4e7890>, (413.80600476264954, -2600, 3013.8060047626495)), (<Sequence.Sequence object at 0x7feb5d5601d0>, (431.7876057624817, -2800, 3231.7876057624817)), (<Sequence.Sequence object at 0x7feb5d4e68d0>, (460.8246568441391, -2600, 3060.824656844139)), (<Sequence.Sequence object at 0x7feb5d55ec50>, (473.02805149555206, -2700, 3173.028051495552)), (<Sequence.Sequence object at 0x7feb5d52f990>, (631.6605560779572, -2900, 3531.660556077957)), (<Sequence.Sequence object at 0x7feb5d4e6610>, (648.3685343265533, -2700, 3348.3685343265533)), (<Sequence.Sequence object at 0x7feb5cb25350>, (854.8517061471939, -2800, 3654.851706147194)), (<Sequence.Sequence object at 0x7feb5d4f41d0>, (1646.4885766506195, -2300, 3946.4885766506195)), (<Sequence.Sequence object at 0x7feb5d4f4cd0>, (2897.3844797611237, -1600, 4497.384479761124)), (<Sequence.Sequence object at 0x7feb5d4f4e50>, (3164.935680627823, -2100, 5264.935680627823)), (<Sequence.Sequence object at 0x7feb5d4f4a10>, (3233.174121618271, -1700, 4933.174121618271)), (<Sequence.Sequence object at 0x7feb5d4f4950>, (3433.4207043647766, -1800, 5233.420704364777)), (<Sequence.Sequence object at 0x7feb5d4f4890>, (3557.976043701172, -2200, 5757.976043701172)), (<Sequence.Sequence object at 0x7feb5d4f4f10>, (3886.0035042762756, -1800, 5686.003504276276)), (<Sequence.Sequence object at 0x7feb5d4f4850>, (4205.818417549133, -2100, 6305.818417549133)), (<Sequence.Sequence object at 0x7feb5d4f4c10>, (4215.037169933319, -1400, 5615.037169933319))]
done running af2
done unzipping results files
sequences_3_model_1_multimer_0_results.pbz2.out sequences_3_model_1_multimer_0_unrelaxed.pdb
sequences_2_model_1_multimer_0_results.pbz2.out sequences_2_model_1_multimer_0_unrelaxed.pdb
sequences_5_model_1_multimer_0_results.pbz2.out sequences_5_model_1_multimer_0_unrelaxed.pdb
sequences_0_model_1_multimer_0_results.pbz2.out sequences_0_model_1_multimer_0_unrelaxed.pdb
sequences_6_model_1_multimer_0_results.pbz2.out sequences_6_model_1_multimer_0_unrelaxed.pdb
sequences_8_model_1_multimer_0_results.pbz2.out sequences_8_model_1_multimer_0_unrelaxed.pdb
sequences_1_model_1_multimer_0_results.pbz2.out sequences_1_model_1_multimer_0_unrelaxed.pdb
sequences_4_model_1_multimer_0_results.pbz2.out sequences_4_model_1_multimer_0_unrelaxed.pdb
sequences_7_model_1_multimer_0_results.pbz2.out sequences_7_model_1_multimer_0_unrelaxed.pdb
sequences_9_model_1_multimer_0_results.pbz2.out sequences_9_model_1_multimer_0_unrelaxed.pdb
done scoring sequences
{<Sequence.Sequence object at 0x7feb5d4e7090>: (-386.03681218624115, -3400, 3013.963187813759), <Sequence.Sequence object at 0x7feb5d4e7190>: (204.69453310966492, -2900, 3104.694533109665), <Sequence.Sequence object at 0x7feb5d4f4f50>: (312.0371296405792, -2900, 3212.037129640579), <Sequence.Sequence object at 0x7feb5d537a50>: (331.37790858745575, -2700, 3031.3779085874557), <Sequence.Sequence object at 0x7feb5d4e7890>: (413.80600476264954, -2600, 3013.8060047626495), <Sequence.Sequence object at 0x7feb5d5601d0>: (431.7876057624817, -2800, 3231.7876057624817), <Sequence.Sequence object at 0x7feb5d4e68d0>: (460.8246568441391, -2600, 3060.824656844139), <Sequence.Sequence object at 0x7feb5d55ec50>: (473.02805149555206, -2700, 3173.028051495552), <Sequence.Sequence object at 0x7feb5d52f990>: (631.6605560779572, -2900, 3531.660556077957), <Sequence.Sequence object at 0x7feb5d4e6610>: (648.3685343265533, -2700, 3348.3685343265533), <Sequence.Sequence object at 0x7feb5d515890>: (3507.836613178253, -1600, 5107.836613178253), <Sequence.Sequence object at 0x7feb5d515610>: (613.2741731405258, -2800, 3413.274173140526), <Sequence.Sequence object at 0x7feb5d515690>: (4754.4908657073975, -900, 5654.4908657073975), <Sequence.Sequence object at 0x7feb5d515990>: (2819.984240293503, -1700, 4519.984240293503), <Sequence.Sequence object at 0x7feb5d515c50>: (1257.4440207481384, -2500, 3757.4440207481384), <Sequence.Sequence object at 0x7feb5d515a90>: (2923.7576003074646, -2600, 5523.757600307465), <Sequence.Sequence object at 0x7feb5d515650>: (3158.5124163627625, -1700, 4858.512416362762), <Sequence.Sequence object at 0x7feb5d515c10>: (503.440975189209, -2700, 3203.440975189209), <Sequence.Sequence object at 0x7feb5d5156d0>: (3396.294623851776, -1800, 5196.294623851776), <Sequence.Sequence object at 0x7feb5d515390>: (517.025509595871, -2600, 3117.025509595871)}bunzip2: Can't guess original name for /home/amrita/pd1/run_geneticalg/run11/outputs/sequences_6_model_1_multimer_0_results.pbz2 -- using /home/amrita/pd1/run_geneticalg/run11/outputs/sequences_6_model_1_multimer_0_results.pbz2.out
bunzip2: Can't guess original name for /home/amrita/pd1/run_geneticalg/run11/outputs/sequences_3_model_1_multimer_0_results.pbz2 -- using /home/amrita/pd1/run_geneticalg/run11/outputs/sequences_3_model_1_multimer_0_results.pbz2.out
bunzip2: Can't guess original name for /home/amrita/pd1/run_geneticalg/run11/outputs/sequences_1_model_1_multimer_0_results.pbz2 -- using /home/amrita/pd1/run_geneticalg/run11/outputs/sequences_1_model_1_multimer_0_results.pbz2.out
bunzip2: Can't guess original name for /home/amrita/pd1/run_geneticalg/run11/outputs/sequences_9_model_1_multimer_0_results.pbz2 -- using /home/amrita/pd1/run_geneticalg/run11/outputs/sequences_9_model_1_multimer_0_results.pbz2.out
bunzip2: Can't guess original name for /home/amrita/pd1/run_geneticalg/run11/outputs/sequences_4_model_1_multimer_0_results.pbz2 -- using /home/amrita/pd1/run_geneticalg/run11/outputs/sequences_4_model_1_multimer_0_results.pbz2.out
bunzip2: Can't guess original name for /home/amrita/pd1/run_geneticalg/run11/outputs/sequences_2_model_1_multimer_0_results.pbz2 -- using /home/amrita/pd1/run_geneticalg/run11/outputs/sequences_2_model_1_multimer_0_results.pbz2.out
bunzip2: Can't guess original name for /home/amrita/pd1/run_geneticalg/run11/outputs/sequences_7_model_1_multimer_0_results.pbz2 -- using /home/amrita/pd1/run_geneticalg/run11/outputs/sequences_7_model_1_multimer_0_results.pbz2.out
bunzip2: Can't guess original name for /home/amrita/pd1/run_geneticalg/run11/outputs/sequences_8_model_1_multimer_0_results.pbz2 -- using /home/amrita/pd1/run_geneticalg/run11/outputs/sequences_8_model_1_multimer_0_results.pbz2.out
bunzip2: Can't guess original name for /home/amrita/pd1/run_geneticalg/run11/outputs/sequences_0_model_1_multimer_0_results.pbz2 -- using /home/amrita/pd1/run_geneticalg/run11/outputs/sequences_0_model_1_multimer_0_results.pbz2.out
bunzip2: Can't guess original name for /home/amrita/pd1/run_geneticalg/run11/outputs/sequences_5_model_1_multimer_0_results.pbz2 -- using /home/amrita/pd1/run_geneticalg/run11/outputs/sequences_5_model_1_multimer_0_results.pbz2.out
bunzip2: Can't guess original name for /home/amrita/pd1/run_geneticalg/run12/outputs/sequences_6_model_1_multimer_0_results.pbz2 -- using /home/amrita/pd1/run_geneticalg/run12/outputs/sequences_6_model_1_multimer_0_results.pbz2.out
bunzip2: Can't guess original name for /home/amrita/pd1/run_geneticalg/run12/outputs/sequences_3_model_1_multimer_0_results.pbz2 -- using /home/amrita/pd1/run_geneticalg/run12/outputs/sequences_3_model_1_multimer_0_results.pbz2.out
bunzip2: Can't guess original name for /home/amrita/pd1/run_geneticalg/run12/outputs/sequences_1_model_1_multimer_0_results.pbz2 -- using /home/amrita/pd1/run_geneticalg/run12/outputs/sequences_1_model_1_multimer_0_results.pbz2.out
bunzip2: Can't guess original name for /home/amrita/pd1/run_geneticalg/run12/outputs/sequences_4_model_1_multimer_0_results.pbz2 -- using /home/amrita/pd1/run_geneticalg/run12/outputs/sequences_4_model_1_multimer_0_results.pbz2.out
bunzip2: Can't guess original name for /home/amrita/pd1/run_geneticalg/run12/outputs/sequences_2_model_1_multimer_0_results.pbz2 -- using /home/amrita/pd1/run_geneticalg/run12/outputs/sequences_2_model_1_multimer_0_results.pbz2.out
bunzip2: Can't guess original name for /home/amrita/pd1/run_geneticalg/run12/outputs/sequences_7_model_1_multimer_0_results.pbz2 -- using /home/amrita/pd1/run_geneticalg/run12/outputs/sequences_7_model_1_multimer_0_results.pbz2.out
bunzip2: Can't guess original name for /home/amrita/pd1/run_geneticalg/run12/outputs/sequences_8_model_1_multimer_0_results.pbz2 -- using /home/amrita/pd1/run_geneticalg/run12/outputs/sequences_8_model_1_multimer_0_results.pbz2.out
bunzip2: Can't guess original name for /home/amrita/pd1/run_geneticalg/run12/outputs/sequences_0_model_1_multimer_0_results.pbz2 -- using /home/amrita/pd1/run_geneticalg/run12/outputs/sequences_0_model_1_multimer_0_results.pbz2.out
bunzip2: Can't guess original name for /home/amrita/pd1/run_geneticalg/run12/outputs/sequences_5_model_1_multimer_0_results.pbz2 -- using /home/amrita/pd1/run_geneticalg/run12/outputs/sequences_5_model_1_multimer_0_results.pbz2.out

[(<Sequence.Sequence object at 0x7feb5d4e7090>, (-386.03681218624115, -3400, 3013.963187813759)), (<Sequence.Sequence object at 0x7feb5d4e7190>, (204.69453310966492, -2900, 3104.694533109665)), (<Sequence.Sequence object at 0x7feb5d4f4f50>, (312.0371296405792, -2900, 3212.037129640579)), (<Sequence.Sequence object at 0x7feb5d537a50>, (331.37790858745575, -2700, 3031.3779085874557)), (<Sequence.Sequence object at 0x7feb5d4e7890>, (413.80600476264954, -2600, 3013.8060047626495)), (<Sequence.Sequence object at 0x7feb5d5601d0>, (431.7876057624817, -2800, 3231.7876057624817)), (<Sequence.Sequence object at 0x7feb5d4e68d0>, (460.8246568441391, -2600, 3060.824656844139)), (<Sequence.Sequence object at 0x7feb5d55ec50>, (473.02805149555206, -2700, 3173.028051495552)), (<Sequence.Sequence object at 0x7feb5d515c10>, (503.440975189209, -2700, 3203.440975189209)), (<Sequence.Sequence object at 0x7feb5d515390>, (517.025509595871, -2600, 3117.025509595871)), (<Sequence.Sequence object at 0x7feb5d515610>, (613.2741731405258, -2800, 3413.274173140526)), (<Sequence.Sequence object at 0x7feb5d52f990>, (631.6605560779572, -2900, 3531.660556077957)), (<Sequence.Sequence object at 0x7feb5d4e6610>, (648.3685343265533, -2700, 3348.3685343265533)), (<Sequence.Sequence object at 0x7feb5d515c50>, (1257.4440207481384, -2500, 3757.4440207481384)), (<Sequence.Sequence object at 0x7feb5d515990>, (2819.984240293503, -1700, 4519.984240293503)), (<Sequence.Sequence object at 0x7feb5d515a90>, (2923.7576003074646, -2600, 5523.757600307465)), (<Sequence.Sequence object at 0x7feb5d515650>, (3158.5124163627625, -1700, 4858.512416362762)), (<Sequence.Sequence object at 0x7feb5d5156d0>, (3396.294623851776, -1800, 5196.294623851776)), (<Sequence.Sequence object at 0x7feb5d515890>, (3507.836613178253, -1600, 5107.836613178253)), (<Sequence.Sequence object at 0x7feb5d515690>, (4754.4908657073975, -900, 5654.4908657073975))]
done running af2
done unzipping results files
sequences_3_model_1_multimer_0_results.pbz2.out sequences_3_model_1_multimer_0_unrelaxed.pdb
sequences_2_model_1_multimer_0_results.pbz2.out sequences_2_model_1_multimer_0_unrelaxed.pdb
sequences_5_model_1_multimer_0_results.pbz2.out sequences_5_model_1_multimer_0_unrelaxed.pdb
sequences_0_model_1_multimer_0_results.pbz2.out sequences_0_model_1_multimer_0_unrelaxed.pdb
sequences_6_model_1_multimer_0_results.pbz2.out sequences_6_model_1_multimer_0_unrelaxed.pdb
sequences_8_model_1_multimer_0_results.pbz2.out sequences_8_model_1_multimer_0_unrelaxed.pdb
sequences_1_model_1_multimer_0_results.pbz2.out sequences_1_model_1_multimer_0_unrelaxed.pdb
sequences_4_model_1_multimer_0_results.pbz2.out sequences_4_model_1_multimer_0_unrelaxed.pdb
sequences_7_model_1_multimer_0_results.pbz2.out sequences_7_model_1_multimer_0_unrelaxed.pdb
sequences_9_model_1_multimer_0_results.pbz2.out sequences_9_model_1_multimer_0_unrelaxed.pdb
done scoring sequences
{<Sequence.Sequence object at 0x7feb5d4e7090>: (-386.03681218624115, -3400, 3013.963187813759), <Sequence.Sequence object at 0x7feb5d4e7190>: (204.69453310966492, -2900, 3104.694533109665), <Sequence.Sequence object at 0x7feb5d4f4f50>: (312.0371296405792, -2900, 3212.037129640579), <Sequence.Sequence object at 0x7feb5d537a50>: (331.37790858745575, -2700, 3031.3779085874557), <Sequence.Sequence object at 0x7feb5d4e7890>: (413.80600476264954, -2600, 3013.8060047626495), <Sequence.Sequence object at 0x7feb5d5601d0>: (431.7876057624817, -2800, 3231.7876057624817), <Sequence.Sequence object at 0x7feb5d4e68d0>: (460.8246568441391, -2600, 3060.824656844139), <Sequence.Sequence object at 0x7feb5d55ec50>: (473.02805149555206, -2700, 3173.028051495552), <Sequence.Sequence object at 0x7feb5d515c10>: (503.440975189209, -2700, 3203.440975189209), <Sequence.Sequence object at 0x7feb5d515390>: (517.025509595871, -2600, 3117.025509595871), <Sequence.Sequence object at 0x7feb5d4f9350>: (677.009483218193, -3100, 3777.009483218193), <Sequence.Sequence object at 0x7feb5d4f9710>: (369.90368914604187, -2900, 3269.903689146042), <Sequence.Sequence object at 0x7feb5d4f9fd0>: (3395.080705881119, -2100, 5495.080705881119), <Sequence.Sequence object at 0x7feb5d4f9250>: (559.058827996254, -2900, 3459.058827996254), <Sequence.Sequence object at 0x7feb5d4f9c90>: (570.2418310642242, -2800, 3370.2418310642242), <Sequence.Sequence object at 0x7feb5d4f95d0>: (67.48743796348572, -3100, 3167.4874379634857), <Sequence.Sequence object at 0x7feb5d4f9050>: (467.8213393688202, -2800, 3267.82133936882), <Sequence.Sequence object at 0x7feb5d4f9d90>: (1298.347605228424, -2200, 3498.347605228424), <Sequence.Sequence object at 0x7feb5d4f9210>: (154.62694895267487, -3100, 3254.626948952675), <Sequence.Sequence object at 0x7feb5d4f9490>: (3745.950131416321, -1700, 5445.950131416321)}
[(<Sequence.Sequence object at 0x7feb5d4e7090>, (-386.03681218624115, -3400, 3013.963187813759)), (<Sequence.Sequence object at 0x7feb5d4f95d0>, (67.48743796348572, -3100, 3167.4874379634857)), (<Sequence.Sequence object at 0x7feb5d4f9210>, (154.62694895267487, -3100, 3254.626948952675)), (<Sequence.Sequence object at 0x7feb5d4e7190>, (204.69453310966492, -2900, 3104.694533109665)), (<Sequence.Sequence object at 0x7feb5d4f4f50>, (312.0371296405792, -2900, 3212.037129640579)), (<Sequence.Sequence object at 0x7feb5d537a50>, (331.37790858745575, -2700, 3031.3779085874557)), (<Sequence.Sequence object at 0x7feb5d4f9710>, (369.90368914604187, -2900, 3269.903689146042)), (<Sequence.Sequence object at 0x7feb5d4e7890>, (413.80600476264954, -2600, 3013.8060047626495)), (<Sequence.Sequence object at 0x7feb5d5601d0>, (431.7876057624817, -2800, 3231.7876057624817)), (<Sequence.Sequence object at 0x7feb5d4e68d0>, (460.8246568441391, -2600, 3060.824656844139)), (<Sequence.Sequence object at 0x7feb5d4f9050>, (467.8213393688202, -2800, 3267.82133936882)), (<Sequence.Sequence object at 0x7feb5d55ec50>, (473.02805149555206, -2700, 3173.028051495552)), (<Sequence.Sequence object at 0x7feb5d515c10>, (503.440975189209, -2700, 3203.440975189209)), (<Sequence.Sequence object at 0x7feb5d515390>, (517.025509595871, -2600, 3117.025509595871)), (<Sequence.Sequence object at 0x7feb5d4f9250>, (559.058827996254, -2900, 3459.058827996254)), (<Sequence.Sequence object at 0x7feb5d4f9c90>, (570.2418310642242, -2800, 3370.2418310642242)), (<Sequence.Sequence object at 0x7feb5d4f9350>, (677.009483218193, -3100, 3777.009483218193)), (<Sequence.Sequence object at 0x7feb5d4f9d90>, (1298.347605228424, -2200, 3498.347605228424)), (<Sequence.Sequence object at 0x7feb5d4f9fd0>, (3395.080705881119, -2100, 5495.080705881119)), (<Sequence.Sequence object at 0x7feb5d4f9490>, (3745.950131416321, -1700, 5445.950131416321))]
done running af2
done unzipping results files
sequences_3_model_1_multimer_0_results.pbz2.out sequences_3_model_1_multimer_0_unrelaxed.pdb
sequences_2_model_1_multimer_0_results.pbz2.out sequences_2_model_1_multimer_0_unrelaxed.pdb
sequences_5_model_1_multimer_0_results.pbz2.out sequences_5_model_1_multimer_0_unrelaxed.pdb
sequences_0_model_1_multimer_0_results.pbz2.out sequences_0_model_1_multimer_0_unrelaxed.pdb
sequences_6_model_1_multimer_0_results.pbz2.out sequences_6_model_1_multimer_0_unrelaxed.pdb
sequences_8_model_1_multimer_0_results.pbz2.out sequences_8_model_1_multimer_0_unrelaxed.pdb
sequences_1_model_1_multimer_0_results.pbz2.out sequences_1_model_1_multimer_0_unrelaxed.pdb
sequences_4_model_1_multimer_0_results.pbz2.out sequences_4_model_1_multimer_0_unrelaxed.pdb
sequences_7_model_1_multimer_0_results.pbz2.out sequences_7_model_1_multimer_0_unrelaxed.pdb
done scoring sequences
{<Sequence.Sequence object at 0x7feb5d4e7090>: (-386.03681218624115, -3400, 3013.963187813759), <Sequence.Sequence object at 0x7feb5d4f95d0>: (67.48743796348572, -3100, 3167.4874379634857), <Sequence.Sequence object at 0x7feb5d4f9210>: (154.62694895267487, -3100, 3254.626948952675), <Sequence.Sequence object at 0x7feb5d4e7190>: (204.69453310966492, -2900, 3104.694533109665), <Sequence.Sequence object at 0x7feb5d4f4f50>: (312.0371296405792, -2900, 3212.037129640579), <Sequence.Sequence object at 0x7feb5d537a50>: (331.37790858745575, -2700, 3031.3779085874557), <Sequence.Sequence object at 0x7feb5d4f9710>: (369.90368914604187, -2900, 3269.903689146042), <Sequence.Sequence object at 0x7feb5d4e7890>: (413.80600476264954, -2600, 3013.8060047626495), <Sequence.Sequence object at 0x7feb5d5601d0>: (431.7876057624817, -2800, 3231.7876057624817), <Sequence.Sequence object at 0x7feb5d4e68d0>: (460.8246568441391, -2600, 3060.824656844139), <Sequence.Sequence object at 0x7feb5d50f890>: (1759.4208818674088, -2300, 4059.4208818674088), <Sequence.Sequence object at 0x7feb5d50f690>: (4902.696368932724, -1900, 6802.696368932724), <Sequence.Sequence object at 0x7feb5d50f3d0>: (5863.431540489197, -1400, 7263.431540489197), <Sequence.Sequence object at 0x7feb5d50f4d0>: (5843.444891214371, -1200, 7043.444891214371), <Sequence.Sequence object at 0x7feb5d50fdd0>: (4277.048709154129, -1500, 5777.048709154129), <Sequence.Sequence object at 0x7feb5d50fe10>: (1149.469102025032, -2400, 3549.469102025032), <Sequence.Sequence object at 0x7feb5d50fa90>: (5414.76531291008, -1600, 7014.76531291008), <Sequence.Sequence object at 0x7feb5d50fa50>: (3146.023210287094, -1600, 4746.023210287094), <Sequence.Sequence object at 0x7feb5d50fed0>: (1298.347605228424, -2200, 3498.347605228424), <Sequence.Sequence object at 0x7feb5d50fb90>: (2693.7401485443115, -1700, 4393.7401485443115)}bunzip2: Can't guess original name for /home/amrita/pd1/run_geneticalg/run13/outputs/sequences_6_model_1_multimer_0_results.pbz2 -- using /home/amrita/pd1/run_geneticalg/run13/outputs/sequences_6_model_1_multimer_0_results.pbz2.out
bunzip2: Can't guess original name for /home/amrita/pd1/run_geneticalg/run13/outputs/sequences_3_model_1_multimer_0_results.pbz2 -- using /home/amrita/pd1/run_geneticalg/run13/outputs/sequences_3_model_1_multimer_0_results.pbz2.out
bunzip2: Can't guess original name for /home/amrita/pd1/run_geneticalg/run13/outputs/sequences_1_model_1_multimer_0_results.pbz2 -- using /home/amrita/pd1/run_geneticalg/run13/outputs/sequences_1_model_1_multimer_0_results.pbz2.out
bunzip2: Can't guess original name for /home/amrita/pd1/run_geneticalg/run13/outputs/sequences_9_model_1_multimer_0_results.pbz2 -- using /home/amrita/pd1/run_geneticalg/run13/outputs/sequences_9_model_1_multimer_0_results.pbz2.out
bunzip2: Can't guess original name for /home/amrita/pd1/run_geneticalg/run13/outputs/sequences_4_model_1_multimer_0_results.pbz2 -- using /home/amrita/pd1/run_geneticalg/run13/outputs/sequences_4_model_1_multimer_0_results.pbz2.out
bunzip2: Can't guess original name for /home/amrita/pd1/run_geneticalg/run13/outputs/sequences_2_model_1_multimer_0_results.pbz2 -- using /home/amrita/pd1/run_geneticalg/run13/outputs/sequences_2_model_1_multimer_0_results.pbz2.out
bunzip2: Can't guess original name for /home/amrita/pd1/run_geneticalg/run13/outputs/sequences_7_model_1_multimer_0_results.pbz2 -- using /home/amrita/pd1/run_geneticalg/run13/outputs/sequences_7_model_1_multimer_0_results.pbz2.out
bunzip2: Can't guess original name for /home/amrita/pd1/run_geneticalg/run13/outputs/sequences_8_model_1_multimer_0_results.pbz2 -- using /home/amrita/pd1/run_geneticalg/run13/outputs/sequences_8_model_1_multimer_0_results.pbz2.out
bunzip2: Can't guess original name for /home/amrita/pd1/run_geneticalg/run13/outputs/sequences_0_model_1_multimer_0_results.pbz2 -- using /home/amrita/pd1/run_geneticalg/run13/outputs/sequences_0_model_1_multimer_0_results.pbz2.out
bunzip2: Can't guess original name for /home/amrita/pd1/run_geneticalg/run13/outputs/sequences_5_model_1_multimer_0_results.pbz2 -- using /home/amrita/pd1/run_geneticalg/run13/outputs/sequences_5_model_1_multimer_0_results.pbz2.out
